




<!DOCTYPE html>
<html>
<head>
	<meta charset='UTF-8' /> 
	<meta name='description' content='' />
	<meta name='robots' content='noodp, noydir' />
	<meta name='viewport' content='width=device-width, initial-scale=1' />
	<meta id="timeStampFormat" name="timeStampFormat" content='MMM d, yyyy hh:mm:ss a'/>
	
        <link href='http://fonts.googleapis.com/css?family=Source+Sans+Pro:400,600' rel='stylesheet' type='text/css' />
        <link href="http://fonts.googleapis.com/icon?family=Material+Icons" rel="stylesheet" />
        <link href='http://cdn.jsdelivr.net/gh/extent-framework/extent-github-cdn@ff53917fbbdb5ef820abbbe4d199a6942dc771ff/v3html/css/extent.css' type='text/css' rel='stylesheet' />
	
	<title></title>

	<style type='text/css'>
		/* json-tree */
		.jstBracket,.jstComma,.jstValue{white-space:pre-wrap}.jstValue{font-size:10px;font-weight:400;font-family:"Lucida Console",Monaco,monospace}.jstProperty{color:#666;word-wrap:break-word}.jstBool{color:#2525CC}.jstNum{color:#D036D0}.jstNull{color:gray}.jstStr{color:#2DB669}.jstFold:after{content:' -';cursor:pointer}.jstExpand{white-space:normal}.jstExpand:after{content:' +';cursor:pointer}.jstFolded{white-space:normal!important}.jstHiddenBlock{display:none}
			
	</style>
	
	<script type="text/javascript">
		/*! json-tree - v0.2.2 - 2017-09-25, MIT LICENSE */
		var JSONTree=function(){var n={"&":"&amp;","<":"&lt;",">":"&gt;",'"':"&quot;","'":"&#x27;","/":"&#x2F;"},t=0,r=0;this.create=function(n,t){return r+=1,N(u(n,0,!1),{class:"jstValue"})};var e=function(t){return t.replace(/[&<>'"]/g,function(t){return n[t]})},s=function(){return r+"_"+t++},u=function(n,t,r){if(null===n)return f(r?t:0);switch(typeof n){case"boolean":return l(n,r?t:0);case"number":return i(n,r?t:0);case"string":return o(n,r?t:0);default:return n instanceof Array?a(n,t,r):c(n,t,r)}},c=function(n,t,r){var e=s(),u=Object.keys(n).map(function(r){return j(r,n[r],t+1,!0)}).join(m()),c=[g("{",r?t:0,e),N(u,{id:e}),p("}",t)].join("\n");return N(c,{})},a=function(n,t,r){var e=s(),c=n.map(function(n){return u(n,t+1,!0)}).join(m());return[g("[",r?t:0,e),N(c,{id:e}),p("]",t)].join("\n")},o=function(n,t){var r=e(JSON.stringify(n));return N(v(r,t),{class:"jstStr"})},i=function(n,t){return N(v(n,t),{class:"jstNum"})},l=function(n,t){return N(v(n,t),{class:"jstBool"})},f=function(n){return N(v("null",n),{class:"jstNull"})},j=function(n,t,r){var s=v(e(JSON.stringify(n))+": ",r),c=N(u(t,r,!1),{});return N(s+c,{class:"jstProperty"})},m=function(){return N(",\n",{class:"jstComma"})},N=function(n,t){return d("span",t,n)},d=function(n,t,r){return"<"+n+Object.keys(t).map(function(n){return" "+n+'="'+t[n]+'"'}).join("")+">"+r+"</"+n+">"},g=function(n,t,r){return N(v(n,t),{class:"jstBracket"})+N("",{class:"jstFold",onclick:"JSONTree.toggle('"+r+"')"})};this.toggle=function(n){var t=document.getElementById(n),r=t.parentNode,e=t.previousElementSibling;""===t.className?(t.className="jstHiddenBlock",r.className="jstFolded",e.className="jstExpand"):(t.className="",r.className="",e.className="jstFold")};var p=function(n,t){return N(v(n,t),{})},v=function(n,t){return Array(2*t+1).join(" ")+n};return this}();
	</script>
</head>
	<body class='extent standard default hide-overflow bdd-report'>
		<div id='theme-selector' alt='Click to toggle theme. To enable by default, use theme configuration.' title='Click to toggle theme. To enable by default, use theme configuration.'>
			<span><i class='material-icons'>desktop_windows</i></span>
		</div>
<nav>
	<div class="nav-wrapper">
        <a href="#!" class="brand-logo black"><img src="http://cdn.jsdelivr.net/gh/extent-framework/extent-github-cdn@ff53917fbbdb5ef820abbbe4d199a6942dc771ff/commons/img/logo.png"></a>
		<!-- slideout menu -->
		<ul id='slide-out' class='side-nav fixed hide-on-med-and-down'>
			<li class='waves-effect active'><a href='#!' view='test-view' onclick="configureView(0);chartsView('test');"><i class='material-icons'>dashboard</i></a></li>
			<li class='waves-effect'><a href='#!' view='category-view' onclick="configureView(1)"><i class='material-icons'>label_outline</i></a></li>
			<li class='waves-effect'><a href='#!' view='exception-view' onclick="configureView(2)"><i class='material-icons'>bug_report</i></a></li>
			<li class='waves-effect'><a href='#!' onclick="configureView(-1);chartsView('dashboard');" view='dashboard-view'><i class='material-icons'>track_changes</i></a></li>
		</ul>
		<!-- report name -->
		<span class='report-name'></span>
		<!-- report headline -->
		<span class='report-headline'></span>
		<!-- nav-right -->
		<ul id='nav-mobile' class='right hide-on-med-and-down nav-right'>
			<a href='#!'>
			<span class='label blue darken-3 suite-start-time'>Feb 29, 2024 10:20:15 pm</span>
			</a>
		</ul>
	</div>
</nav>		<!-- container -->
		<div class='container'>
<div id='test-view' class='view'>
	<section id='controls'>
		<div class='controls grey lighten-4'>
			<!-- test toggle -->
			<div class='chip transparent'>
				<a class='dropdown-button tests-toggle' data-activates='tests-toggle' data-constrainwidth='true' data-beloworigin='true' data-hover='true' href='#'>
				<i class='material-icons'>warning</i> Status
				</a>
				<ul id='tests-toggle' class='dropdown-content'>
										<li status='pass'><a href='#!'>Pass <i class='material-icons green-text'>check_circle</i></a></li>
					<li status='fail'><a href='#!'>Fail <i class='material-icons red-text'>cancel</i></a></li>
					<li class='divider'></li>
					<li status='clear' clear='true'><a href='#!'>Clear Filters <i class='material-icons'>clear</i></a></li>
				</ul>
			</div>
			<!-- test toggle -->
			<!-- category toggle -->
			<div class='chip transparent'>
				<a class='dropdown-button category-toggle' data-activates='category-toggle' data-constrainwidth='false' data-beloworigin='true' data-hover='true' href='#'>
				<i class='material-icons'>local_offer</i> Category
				</a>
				<ul id='category-toggle' class='dropdown-content'>
					<li><a href='#'>@tag1</a></li>
					<li><a href='#'>@tag</a></li>
					<li class='divider'></li>
					<li class='clear'><a href='#!' clear='true'>Clear Filters</a></li>
				</ul>
			</div>
			<!-- category toggle -->
			<!-- clear filters -->
			<div class='chip transparent hide'>
				<a class='' id='clear-filters' alt='Clear Filters' title='Clear Filters'>
				<i class='material-icons'>close</i> Clear
				</a>
			</div>
			<!-- clear filters -->
			<!-- enable dashboard -->
			<div id='toggle-test-view-charts' class='chip transparent'>
				<a class='pink-text' id='enable-dashboard' alt='Enable Dashboard' title='Enable Dashboard'>
				<i class='material-icons'>track_changes</i> Dashboard
				</a>
			</div>
			<!-- enable dashboard -->
			<!-- search -->
			<div class='chip transparent' alt='Search Tests' title='Search Tests'>
				<a href="#" class='search-div'>
				<i class='material-icons'>search</i> Search
				</a>
				<div class='input-field left hide'>
					<input id='search-tests' type='text' class='validate browser-default' placeholder='Search Tests...'>
				</div>
			</div>
			<!-- search -->
		</div>
	</section>

<div id='test-view-charts' class='subview-full'>
    <div id='charts-row' class='row nm-v nm-h'>
        <div class='col s12 m4 l4 np-h'>
            <div class='card-panel nm-v'>
                <div class='left panel-name'>Features</div>
                <div class='chart-box' style="max-height:94px;">
                    <canvas id='parent-analysis' width='90' height='70'></canvas>
                </div>
                <div class='block text-small'>
                    <span class='tooltipped' data-position='top' data-tooltip='$50%'>
                    <span class='strong'>4</span> features passed</span>
                </div>
                <div class='block text-small'>
                    <span class='strong tooltipped' data-position='top' data-tooltip='50%'>
                    4</span> features failed, 
                    <span class='strong tooltipped' data-position='top' data-tooltip='0%'>
                    0</span> skipped
                </div>
            </div>
        </div>
        <div class='col s12 m4 l4 np-h'>
            <div class='card-panel nm-v'>
                <div class='left panel-name'>Scenarios</div>
                <div class='chart-box' style="max-height:94px;">
                    <canvas id='child-analysis' width='90' height='70'></canvas>
                </div>
                <div class='block text-small'>
                    <span class='tooltipped' data-position='top' data-tooltip='29%'>
                    <span class='strong'>5</span> scenarios passed</span>
                </div>
                <div class='block text-small'>
                    <span class='strong tooltipped' data-position='top' data-tooltip='70%'>
                    12</span> scenarios failed, 
                    <span class='strong tooltipped' data-position='top' data-tooltip='0%'>
                    0</span> skipped, 
                    <span class='strong tooltipped' data-position='top' data-tooltip='0%'>
                    0</span> others
                </div>
            </div>
        </div>
        <div class='col s12 m4 l4 np-h'>
            <div class='card-panel nm-v'>
                <div class='left panel-name'>Steps</div>
                <div class='chart-box' style="max-height:94px;">
                    <canvas id='grandchild-analysis' width='90' height='70'></canvas>
                </div>
                <div class='block text-small'>
                    <span class='tooltipped' data-position='top' data-tooltip='83%'>
                    <span class='strong'>76</span> steps passed</span>
                </div>
                <div class='block text-small'>
                    <span class='strong tooltipped' data-position='top' data-tooltip='13%'>
                    12</span> steps failed, 
                    <span class='strong tooltipped' data-position='top' data-tooltip='3%'>
                    3</span> skipped, 
                    <span class='strong tooltipped' data-position='top' data-tooltip='0%'>
                    0</span> others
                </div>
            </div>
        </div>
    </div>
    <div id="timeline-chart" class="row nm-v nm-h">
        <div class="col s12 m12 l12 np-h">
            <div class="card-panel">
                <div class='left panel-name'>Timeline (seconds)</div>
                <div class="chart-box" style="width:98%;max-height:145px;">
                    <canvas id="timeline" height="120"></canvas>
                </div>
            </div>
        </div>
    </div>
</div>	
	<div class='subview-left left'>
		<div class='view-summary'>
			<ul id='test-collection' class='test-collection'>
				<li class='test displayed active has-leaf fail' status='fail' bdd='true' test-id='1'>
					<div class='test-heading'>
						<span class='test-name'>OpenMRS login file</span>
						<span class='test-time'>Feb 29, 2024 10:20:18 pm</span>
						<span class='test-status right fail'>Fail</span>
					</div>
					<div class='test-content hide'>
<div class="sr-filters bdd-filters">
	<a class="btn-floating waves-effect waves-light pass green" title="pass"><i class='material-icons'>check_circle</i></a>
	<a class="btn-floating waves-effect waves-light fail red" title="fail"><i class='material-icons'>cancel</i></a>
	<a class="btn-floating waves-effect waves-light skip blue" title="skip"><i class='material-icons'>redo</i></a>
	<a class="btn-floating waves-effect waves-light clear grey" title="clear"><i class='material-icons'>clear</i></a>
</div>
	<div class='test-desc'>  I want to use this template for my feature file</div>

<div class='scenario node' test-id='2' status='fail'>

	<span class='duration right label'>00 00 31.249</span>
	<div class="bdd-test">
		<div class="scenario-name"><span class='status fail' title='Fail'><i class='material-icons'>cancel</i></span> Scenario: Managing Appointment Blocks</div>
	</div>
	
	
		<div class='category-list'>
				<span class='category label'>@tag</span>
				<span class='category label'>@tag1</span>
		</div>
	
	<ul class='steps'>
		<li test-id='3' class='node given Pass' status='Pass'>
			<div class="step-name" title="(stepdefinitions.ManageAppointmentBlocks.iam_on_the_application_login_page())"><span class='status pass' title='Pass'><i class='material-icons'>check_circle</i></span>Given iam on the application login page</div>


		</li>
		<li test-id='4' class='node and Pass' status='Pass'>
			<div class="step-name" title="(stepdefinitions.ManageAppointmentBlocks.browser2_is_on_the_login_page())"><span class='status pass' title='Pass'><i class='material-icons'>check_circle</i></span>And Browser2 is on the login page</div>


		</li>
		<li test-id='5' class='node when Pass' status='Pass'>
			<div class="step-name" title="(stepdefinitions.ManageAppointmentBlocks.i_enter_user_and_password())"><span class='status pass' title='Pass'><i class='material-icons'>check_circle</i></span>When i enter user and password</div>


		</li>
		<li test-id='6' class='node when Pass' status='Pass'>
			<div class="step-name" title="(stepdefinitions.ManageAppointmentBlocks.i_click_on_the_inpatient_ward_to_access_the_loaction())"><span class='status pass' title='Pass'><i class='material-icons'>check_circle</i></span>When i click on the inpatient ward to access the loaction</div>


		</li>
		<li test-id='7' class='node then Fail' status='Fail'>
			<div class="step-name" title="(stepdefinitions.ManageAppointmentBlocks.i_navigated_to_the_home_page())"><span class='status fail' title='Fail'><i class='material-icons'>cancel</i></span>Then i navigated to the Home page</div>


					<textarea disabled class="code-block">org.openqa.selenium.ElementNotInteractableException: element not interactable: element has zero size
  (Session info: chrome=122.0.6261.94)
Build info: version: '4.11.0', revision: '040bc5406b'
System info: os.name: 'Windows 11', os.arch: 'amd64', os.version: '10.0', java.version: '17.0.9'
Driver info: org.openqa.selenium.chrome.ChromeDriver
Command: [5b21be949e1efb50181679ad29ddee60, clickElement {id=f.EF900A44F6D03C65C549A6780139E3CB.d.6B2DE687C915CA0A9C1486092FAA1435.e.70}]
Capabilities {acceptInsecureCerts: false, browserName: chrome, browserVersion: 122.0.6261.94, chrome: {chromedriverVersion: 122.0.6261.94 (880dbf29479c..., userDataDir: C:\Users\rubin\AppData\Loca...}, fedcm:accounts: true, goog:chromeOptions: {debuggerAddress: localhost:59109}, networkConnectionEnabled: false, pageLoadStrategy: normal, platformName: windows, proxy: Proxy(), se:cdp: ws://localhost:59109/devtoo..., se:cdpVersion: 122.0.6261.94, setWindowRect: true, strictFileInteractability: false, timeouts: {implicit: 0, pageLoad: 300000, script: 30000}, unhandledPromptBehavior: dismiss and notify, webauthn:extension:credBlob: true, webauthn:extension:largeBlob: true, webauthn:extension:minPinLength: true, webauthn:extension:prf: true, webauthn:virtualAuthenticators: true}
Element: [[ChromeDriver: chrome on windows (5b21be949e1efb50181679ad29ddee60)] -> xpath: //*[@id="calendar"]/div/div/table/tbody/tr[1]/td[5]/div/div[2]/div]
Session ID: 5b21be949e1efb50181679ad29ddee60
	at java.base/jdk.internal.reflect.NativeConstructorAccessorImpl.newInstance0(Native Method)
	at java.base/jdk.internal.reflect.NativeConstructorAccessorImpl.newInstance(NativeConstructorAccessorImpl.java:77)
	at java.base/jdk.internal.reflect.DelegatingConstructorAccessorImpl.newInstance(DelegatingConstructorAccessorImpl.java:45)
	at java.base/java.lang.reflect.Constructor.newInstanceWithCaller(Constructor.java:499)
	at java.base/java.lang.reflect.Constructor.newInstance(Constructor.java:480)
	at org.openqa.selenium.remote.codec.w3c.W3CHttpResponseCodec.createException(W3CHttpResponseCodec.java:200)
	at org.openqa.selenium.remote.codec.w3c.W3CHttpResponseCodec.decode(W3CHttpResponseCodec.java:133)
	at org.openqa.selenium.remote.codec.w3c.W3CHttpResponseCodec.decode(W3CHttpResponseCodec.java:52)
	at org.openqa.selenium.remote.HttpCommandExecutor.execute(HttpCommandExecutor.java:191)
	at org.openqa.selenium.remote.service.DriverCommandExecutor.invokeExecute(DriverCommandExecutor.java:196)
	at org.openqa.selenium.remote.service.DriverCommandExecutor.execute(DriverCommandExecutor.java:171)
	at org.openqa.selenium.remote.RemoteWebDriver.execute(RemoteWebDriver.java:518)
	at org.openqa.selenium.remote.RemoteWebElement.execute(RemoteWebElement.java:224)
	at org.openqa.selenium.remote.RemoteWebElement.click(RemoteWebElement.java:77)
	at java.base/jdk.internal.reflect.NativeMethodAccessorImpl.invoke0(Native Method)
	at java.base/jdk.internal.reflect.NativeMethodAccessorImpl.invoke(NativeMethodAccessorImpl.java:77)
	at java.base/jdk.internal.reflect.DelegatingMethodAccessorImpl.invoke(DelegatingMethodAccessorImpl.java:43)
	at java.base/java.lang.reflect.Method.invoke(Method.java:568)
	at org.openqa.selenium.support.pagefactory.internal.LocatingElementHandler.invoke(LocatingElementHandler.java:51)
	at jdk.proxy2/jdk.proxy2.$Proxy50.click(Unknown Source)
	at pages.AppointmentManagingBlocks1.navigateTocalender(AppointmentManagingBlocks1.java:97)
	at stepdefinitions.ManageAppointmentBlocks.i_navigated_to_the_home_page(ManageAppointmentBlocks.java:101)
	at ✽.i navigated to the Home page(file:///C:/Users/rubin/eclipse-workspace/New%20folder%20(2)/RLL_Group6/src/test/resources/Features/Login1.feature:11)
</textarea>
		</li>
	</ul>
</div>
<div class='scenario node' test-id='9' status='fail'>

	<span class='duration right label'>00 00 23.525</span>
	<div class="bdd-test">
		<div class="scenario-name"><span class='status fail' title='Fail'><i class='material-icons'>cancel</i></span> Scenario: Managing Appointment Blocks</div>
	</div>
	
	
		<div class='category-list'>
				<span class='category label'>@tag</span>
				<span class='category label'>@tag1</span>
		</div>
	
	<ul class='steps'>
		<li test-id='10' class='node given Pass' status='Pass'>
			<div class="step-name" title="(stepdefinitions.ManageAppointmentBlocks.iam_on_the_application_login_page())"><span class='status pass' title='Pass'><i class='material-icons'>check_circle</i></span>Given iam on the application login page</div>


		</li>
		<li test-id='11' class='node and Pass' status='Pass'>
			<div class="step-name" title="(stepdefinitions.ManageAppointmentBlocks.browser2_is_on_the_login_page())"><span class='status pass' title='Pass'><i class='material-icons'>check_circle</i></span>And Browser2 is on the login page</div>


		</li>
		<li test-id='12' class='node when Pass' status='Pass'>
			<div class="step-name" title="(stepdefinitions.ManageAppointmentBlocks.i_enter_user_and_password())"><span class='status pass' title='Pass'><i class='material-icons'>check_circle</i></span>When i enter user and password</div>


		</li>
		<li test-id='13' class='node when Pass' status='Pass'>
			<div class="step-name" title="(stepdefinitions.ManageAppointmentBlocks.i_click_on_the_inpatient_ward_to_access_the_loaction())"><span class='status pass' title='Pass'><i class='material-icons'>check_circle</i></span>When i click on the inpatient ward to access the loaction</div>


		</li>
		<li test-id='14' class='node then Fail' status='Fail'>
			<div class="step-name" title="(stepdefinitions.ManageAppointmentBlocks.i_navigated_to_the_home_page())"><span class='status fail' title='Fail'><i class='material-icons'>cancel</i></span>Then i navigated to the Home page</div>


					<textarea disabled class="code-block">org.openqa.selenium.ElementNotInteractableException: element not interactable: element has zero size
  (Session info: chrome=122.0.6261.94)
Build info: version: '4.11.0', revision: '040bc5406b'
System info: os.name: 'Windows 11', os.arch: 'amd64', os.version: '10.0', java.version: '17.0.9'
Driver info: org.openqa.selenium.chrome.ChromeDriver
Command: [fa419c9b8e6564033786b80fedd85de5, clickElement {id=f.8841AD3F33189399C284C603CBA9E85C.d.4046339073C8B008809819D42AC079E2.e.70}]
Capabilities {acceptInsecureCerts: false, browserName: chrome, browserVersion: 122.0.6261.94, chrome: {chromedriverVersion: 122.0.6261.94 (880dbf29479c..., userDataDir: C:\Users\rubin\AppData\Loca...}, fedcm:accounts: true, goog:chromeOptions: {debuggerAddress: localhost:59154}, networkConnectionEnabled: false, pageLoadStrategy: normal, platformName: windows, proxy: Proxy(), se:cdp: ws://localhost:59154/devtoo..., se:cdpVersion: 122.0.6261.94, setWindowRect: true, strictFileInteractability: false, timeouts: {implicit: 0, pageLoad: 300000, script: 30000}, unhandledPromptBehavior: dismiss and notify, webauthn:extension:credBlob: true, webauthn:extension:largeBlob: true, webauthn:extension:minPinLength: true, webauthn:extension:prf: true, webauthn:virtualAuthenticators: true}
Element: [[ChromeDriver: chrome on windows (fa419c9b8e6564033786b80fedd85de5)] -> xpath: //*[@id="calendar"]/div/div/table/tbody/tr[1]/td[5]/div/div[2]/div]
Session ID: fa419c9b8e6564033786b80fedd85de5
	at java.base/jdk.internal.reflect.NativeConstructorAccessorImpl.newInstance0(Native Method)
	at java.base/jdk.internal.reflect.NativeConstructorAccessorImpl.newInstance(NativeConstructorAccessorImpl.java:77)
	at java.base/jdk.internal.reflect.DelegatingConstructorAccessorImpl.newInstance(DelegatingConstructorAccessorImpl.java:45)
	at java.base/java.lang.reflect.Constructor.newInstanceWithCaller(Constructor.java:499)
	at java.base/java.lang.reflect.Constructor.newInstance(Constructor.java:480)
	at org.openqa.selenium.remote.codec.w3c.W3CHttpResponseCodec.createException(W3CHttpResponseCodec.java:200)
	at org.openqa.selenium.remote.codec.w3c.W3CHttpResponseCodec.decode(W3CHttpResponseCodec.java:133)
	at org.openqa.selenium.remote.codec.w3c.W3CHttpResponseCodec.decode(W3CHttpResponseCodec.java:52)
	at org.openqa.selenium.remote.HttpCommandExecutor.execute(HttpCommandExecutor.java:191)
	at org.openqa.selenium.remote.service.DriverCommandExecutor.invokeExecute(DriverCommandExecutor.java:196)
	at org.openqa.selenium.remote.service.DriverCommandExecutor.execute(DriverCommandExecutor.java:171)
	at org.openqa.selenium.remote.RemoteWebDriver.execute(RemoteWebDriver.java:518)
	at org.openqa.selenium.remote.RemoteWebElement.execute(RemoteWebElement.java:224)
	at org.openqa.selenium.remote.RemoteWebElement.click(RemoteWebElement.java:77)
	at java.base/jdk.internal.reflect.NativeMethodAccessorImpl.invoke0(Native Method)
	at java.base/jdk.internal.reflect.NativeMethodAccessorImpl.invoke(NativeMethodAccessorImpl.java:77)
	at java.base/jdk.internal.reflect.DelegatingMethodAccessorImpl.invoke(DelegatingMethodAccessorImpl.java:43)
	at java.base/java.lang.reflect.Method.invoke(Method.java:568)
	at org.openqa.selenium.support.pagefactory.internal.LocatingElementHandler.invoke(LocatingElementHandler.java:51)
	at jdk.proxy2/jdk.proxy2.$Proxy50.click(Unknown Source)
	at pages.AppointmentManagingBlocks1.navigateTocalender(AppointmentManagingBlocks1.java:97)
	at stepdefinitions.ManageAppointmentBlocks.i_navigated_to_the_home_page(ManageAppointmentBlocks.java:101)
	at ✽.i navigated to the Home page(file:///C:/Users/rubin/eclipse-workspace/New%20folder%20(2)/RLL_Group6/src/test/resources/Features/Login1.feature:11)
</textarea>
		</li>
	</ul>
</div>
<div class='scenario node' test-id='16' status='fail'>

	<span class='duration right label'>00 00 25.163</span>
	<div class="bdd-test">
		<div class="scenario-name"><span class='status fail' title='Fail'><i class='material-icons'>cancel</i></span> Scenario: Managing Appointment Blocks</div>
	</div>
	
	
		<div class='category-list'>
				<span class='category label'>@tag</span>
				<span class='category label'>@tag1</span>
		</div>
	
	<ul class='steps'>
		<li test-id='17' class='node given Pass' status='Pass'>
			<div class="step-name" title="(stepdefinitions.ManageAppointmentBlocks.iam_on_the_application_login_page())"><span class='status pass' title='Pass'><i class='material-icons'>check_circle</i></span>Given iam on the application login page</div>


		</li>
		<li test-id='18' class='node and Pass' status='Pass'>
			<div class="step-name" title="(stepdefinitions.ManageAppointmentBlocks.browser2_is_on_the_login_page())"><span class='status pass' title='Pass'><i class='material-icons'>check_circle</i></span>And Browser2 is on the login page</div>


		</li>
		<li test-id='19' class='node when Pass' status='Pass'>
			<div class="step-name" title="(stepdefinitions.ManageAppointmentBlocks.i_enter_user_and_password())"><span class='status pass' title='Pass'><i class='material-icons'>check_circle</i></span>When i enter user and password</div>


		</li>
		<li test-id='20' class='node when Pass' status='Pass'>
			<div class="step-name" title="(stepdefinitions.ManageAppointmentBlocks.i_click_on_the_inpatient_ward_to_access_the_loaction())"><span class='status pass' title='Pass'><i class='material-icons'>check_circle</i></span>When i click on the inpatient ward to access the loaction</div>


		</li>
		<li test-id='21' class='node then Fail' status='Fail'>
			<div class="step-name" title="(stepdefinitions.ManageAppointmentBlocks.i_navigated_to_the_home_page())"><span class='status fail' title='Fail'><i class='material-icons'>cancel</i></span>Then i navigated to the Home page</div>


					<textarea disabled class="code-block">org.openqa.selenium.ElementNotInteractableException: element not interactable: element has zero size
  (Session info: chrome=122.0.6261.94)
Build info: version: '4.11.0', revision: '040bc5406b'
System info: os.name: 'Windows 11', os.arch: 'amd64', os.version: '10.0', java.version: '17.0.9'
Driver info: org.openqa.selenium.chrome.ChromeDriver
Command: [2dc43ca926abb9d4ee66fc5ff6abd780, clickElement {id=f.881AFB4BF30F32B0AAC305131AB22C3E.d.9D1B28FC9010D4A765B22124C128523C.e.70}]
Capabilities {acceptInsecureCerts: false, browserName: chrome, browserVersion: 122.0.6261.94, chrome: {chromedriverVersion: 122.0.6261.94 (880dbf29479c..., userDataDir: C:\Users\rubin\AppData\Loca...}, fedcm:accounts: true, goog:chromeOptions: {debuggerAddress: localhost:59197}, networkConnectionEnabled: false, pageLoadStrategy: normal, platformName: windows, proxy: Proxy(), se:cdp: ws://localhost:59197/devtoo..., se:cdpVersion: 122.0.6261.94, setWindowRect: true, strictFileInteractability: false, timeouts: {implicit: 0, pageLoad: 300000, script: 30000}, unhandledPromptBehavior: dismiss and notify, webauthn:extension:credBlob: true, webauthn:extension:largeBlob: true, webauthn:extension:minPinLength: true, webauthn:extension:prf: true, webauthn:virtualAuthenticators: true}
Element: [[ChromeDriver: chrome on windows (2dc43ca926abb9d4ee66fc5ff6abd780)] -> xpath: //*[@id="calendar"]/div/div/table/tbody/tr[1]/td[5]/div/div[2]/div]
Session ID: 2dc43ca926abb9d4ee66fc5ff6abd780
	at java.base/jdk.internal.reflect.NativeConstructorAccessorImpl.newInstance0(Native Method)
	at java.base/jdk.internal.reflect.NativeConstructorAccessorImpl.newInstance(NativeConstructorAccessorImpl.java:77)
	at java.base/jdk.internal.reflect.DelegatingConstructorAccessorImpl.newInstance(DelegatingConstructorAccessorImpl.java:45)
	at java.base/java.lang.reflect.Constructor.newInstanceWithCaller(Constructor.java:499)
	at java.base/java.lang.reflect.Constructor.newInstance(Constructor.java:480)
	at org.openqa.selenium.remote.codec.w3c.W3CHttpResponseCodec.createException(W3CHttpResponseCodec.java:200)
	at org.openqa.selenium.remote.codec.w3c.W3CHttpResponseCodec.decode(W3CHttpResponseCodec.java:133)
	at org.openqa.selenium.remote.codec.w3c.W3CHttpResponseCodec.decode(W3CHttpResponseCodec.java:52)
	at org.openqa.selenium.remote.HttpCommandExecutor.execute(HttpCommandExecutor.java:191)
	at org.openqa.selenium.remote.service.DriverCommandExecutor.invokeExecute(DriverCommandExecutor.java:196)
	at org.openqa.selenium.remote.service.DriverCommandExecutor.execute(DriverCommandExecutor.java:171)
	at org.openqa.selenium.remote.RemoteWebDriver.execute(RemoteWebDriver.java:518)
	at org.openqa.selenium.remote.RemoteWebElement.execute(RemoteWebElement.java:224)
	at org.openqa.selenium.remote.RemoteWebElement.click(RemoteWebElement.java:77)
	at java.base/jdk.internal.reflect.NativeMethodAccessorImpl.invoke0(Native Method)
	at java.base/jdk.internal.reflect.NativeMethodAccessorImpl.invoke(NativeMethodAccessorImpl.java:77)
	at java.base/jdk.internal.reflect.DelegatingMethodAccessorImpl.invoke(DelegatingMethodAccessorImpl.java:43)
	at java.base/java.lang.reflect.Method.invoke(Method.java:568)
	at org.openqa.selenium.support.pagefactory.internal.LocatingElementHandler.invoke(LocatingElementHandler.java:51)
	at jdk.proxy2/jdk.proxy2.$Proxy50.click(Unknown Source)
	at pages.AppointmentManagingBlocks1.navigateTocalender(AppointmentManagingBlocks1.java:97)
	at stepdefinitions.ManageAppointmentBlocks.i_navigated_to_the_home_page(ManageAppointmentBlocks.java:101)
	at ✽.i navigated to the Home page(file:///C:/Users/rubin/eclipse-workspace/New%20folder%20(2)/RLL_Group6/src/test/resources/Features/Login1.feature:11)
</textarea>
		</li>
	</ul>
</div>
					</div>
				</li>
				<li class='test displayed active has-leaf pass' status='pass' bdd='true' test-id='23'>
					<div class='test-heading'>
						<span class='test-name'>Login functionality test</span>
						<span class='test-time'>Feb 29, 2024 10:21:38 pm</span>
						<span class='test-status right pass'>Pass</span>
					</div>
					<div class='test-content hide'>
<div class="sr-filters bdd-filters">
	<a class="btn-floating waves-effect waves-light pass green" title="pass"><i class='material-icons'>check_circle</i></a>
	<a class="btn-floating waves-effect waves-light fail red" title="fail"><i class='material-icons'>cancel</i></a>
	<a class="btn-floating waves-effect waves-light skip blue" title="skip"><i class='material-icons'>redo</i></a>
	<a class="btn-floating waves-effect waves-light clear grey" title="clear"><i class='material-icons'>clear</i></a>
</div>

<div class='scenario node' test-id='24' status='pass'>

	<span class='duration right label'>00 00 12.042</span>
	<div class="bdd-test">
		<div class="scenario-name"><span class='status pass' title='Pass'><i class='material-icons'>check_circle</i></span> Scenario: User logs in with valid credentials</div>
	</div>
	
	
		<div class='category-list'>
				<span class='category label'>@tag</span>
		</div>
	
	<ul class='steps'>
		<li test-id='25' class='node given Pass' status='Pass'>
			<div class="step-name" title="(stepdefinitions.Login_Page_stepdefs.userIsOnTheLoginPage())"><span class='status pass' title='Pass'><i class='material-icons'>check_circle</i></span>Given User is on the login page</div>


		</li>
		<li test-id='26' class='node when Pass' status='Pass'>
			<div class="step-name" title="(stepdefinitions.Login_Page_stepdefs.userEntersUsernameAndPassword(java.lang.String,java.lang.String))"><span class='status pass' title='Pass'><i class='material-icons'>check_circle</i></span>When User enters username "admin" and password "Admin123"</div>


		</li>
		<li test-id='27' class='node and Pass' status='Pass'>
			<div class="step-name" title="(stepdefinitions.Login_Page_stepdefs.userSelectsLocation(java.lang.String))"><span class='status pass' title='Pass'><i class='material-icons'>check_circle</i></span>And User selects location as "Inpatient Ward"</div>


		</li>
		<li test-id='28' class='node and Pass' status='Pass'>
			<div class="step-name" title="(stepdefinitions.Login_Page_stepdefs.userClicksOnTheLoginButton())"><span class='status pass' title='Pass'><i class='material-icons'>check_circle</i></span>And User clicks on the login button</div>


		</li>
		<li test-id='29' class='node then Pass' status='Pass'>
			<div class="step-name" title="(stepdefinitions.Login_Page_stepdefs.userShouldBeLoggedInSuccessfully())"><span class='status pass' title='Pass'><i class='material-icons'>check_circle</i></span>Then User should be logged in successfully</div>


		</li>
	</ul>
</div>
					</div>
				</li>
				<li class='test displayed active has-leaf fail' status='fail' bdd='true' test-id='31'>
					<div class='test-heading'>
						<span class='test-name'>OpenMRS Manage</span>
						<span class='test-time'>Feb 29, 2024 10:21:50 pm</span>
						<span class='test-status right fail'>Fail</span>
					</div>
					<div class='test-content hide'>
<div class="sr-filters bdd-filters">
	<a class="btn-floating waves-effect waves-light pass green" title="pass"><i class='material-icons'>check_circle</i></a>
	<a class="btn-floating waves-effect waves-light fail red" title="fail"><i class='material-icons'>cancel</i></a>
	<a class="btn-floating waves-effect waves-light skip blue" title="skip"><i class='material-icons'>redo</i></a>
	<a class="btn-floating waves-effect waves-light clear grey" title="clear"><i class='material-icons'>clear</i></a>
</div>
	<div class='test-desc'>  I want to use this template for my manage functionality</div>

<div class='scenario node' test-id='32' status='fail'>

	<span class='duration right label'>00 00 35.009</span>
	<div class="bdd-test">
		<div class="scenario-name"><span class='status fail' title='Fail'><i class='material-icons'>cancel</i></span> Scenario: Manage OpenMRS</div>
	</div>
	
	
		<div class='category-list'>
				<span class='category label'>@tag</span>
				<span class='category label'>@tag1</span>
		</div>
	
	<ul class='steps'>
		<li test-id='33' class='node given Pass' status='Pass'>
			<div class="step-name" title="(stepdefinitions.ManageStepdefinition.OpenMRS_url_open())"><span class='status pass' title='Pass'><i class='material-icons'>check_circle</i></span>Given OpenMRS url is open</div>


		</li>
		<li test-id='34' class='node and Pass' status='Pass'>
			<div class="step-name" title="(stepdefinitions.ManageStepdefinition.user_is_on_the_login_page())"><span class='status pass' title='Pass'><i class='material-icons'>check_circle</i></span>And user is on the login page</div>


		</li>
		<li test-id='35' class='node when Pass' status='Pass'>
			<div class="step-name" title="(stepdefinitions.ManageStepdefinition.admin_enter_username_and_password())"><span class='status pass' title='Pass'><i class='material-icons'>check_circle</i></span>When admin enter username and password</div>


		</li>
		<li test-id='36' class='node when Pass' status='Pass'>
			<div class="step-name" title="(stepdefinitions.ManageStepdefinition.admin_click_on_impatient_ward_to_access_location())"><span class='status pass' title='Pass'><i class='material-icons'>check_circle</i></span>When admin click on impatient ward to access location</div>


		</li>
		<li test-id='37' class='node then Fail' status='Fail'>
			<div class="step-name" title="(stepdefinitions.ManageStepdefinition.admin_navigate_to_homepage())"><span class='status fail' title='Fail'><i class='material-icons'>cancel</i></span>Then admin navigate to homepage</div>


					<textarea disabled class="code-block">java.lang.AssertionError: null
	at org.testng.Assert.fail(Assert.java:110)
	at org.testng.Assert.fail(Assert.java:115)
	at stepdefinitions.ManageStepdefinition.admin_navigate_to_homepage(ManageStepdefinition.java:100)
	at ✽.admin navigate to homepage(file:///C:/Users/rubin/eclipse-workspace/New%20folder%20(2)/RLL_Group6/src/test/resources/Features/Manage.feature:11)
</textarea>
		</li>
	</ul>
</div>
<div class='scenario node' test-id='39' status='fail'>

	<span class='duration right label'>00 00 34.496</span>
	<div class="bdd-test">
		<div class="scenario-name"><span class='status fail' title='Fail'><i class='material-icons'>cancel</i></span> Scenario: Manage OpenMRS</div>
	</div>
	
	
		<div class='category-list'>
				<span class='category label'>@tag</span>
				<span class='category label'>@tag1</span>
		</div>
	
	<ul class='steps'>
		<li test-id='40' class='node given Pass' status='Pass'>
			<div class="step-name" title="(stepdefinitions.ManageStepdefinition.OpenMRS_url_open())"><span class='status pass' title='Pass'><i class='material-icons'>check_circle</i></span>Given OpenMRS url is open</div>


		</li>
		<li test-id='41' class='node and Pass' status='Pass'>
			<div class="step-name" title="(stepdefinitions.ManageStepdefinition.user_is_on_the_login_page())"><span class='status pass' title='Pass'><i class='material-icons'>check_circle</i></span>And user is on the login page</div>


		</li>
		<li test-id='42' class='node when Pass' status='Pass'>
			<div class="step-name" title="(stepdefinitions.ManageStepdefinition.admin_enter_username_and_password())"><span class='status pass' title='Pass'><i class='material-icons'>check_circle</i></span>When admin enter username and password</div>


		</li>
		<li test-id='43' class='node when Pass' status='Pass'>
			<div class="step-name" title="(stepdefinitions.ManageStepdefinition.admin_click_on_impatient_ward_to_access_location())"><span class='status pass' title='Pass'><i class='material-icons'>check_circle</i></span>When admin click on impatient ward to access location</div>


		</li>
		<li test-id='44' class='node then Fail' status='Fail'>
			<div class="step-name" title="(stepdefinitions.ManageStepdefinition.admin_navigate_to_homepage())"><span class='status fail' title='Fail'><i class='material-icons'>cancel</i></span>Then admin navigate to homepage</div>


					<textarea disabled class="code-block">java.lang.AssertionError: null
	at org.testng.Assert.fail(Assert.java:110)
	at org.testng.Assert.fail(Assert.java:115)
	at stepdefinitions.ManageStepdefinition.admin_navigate_to_homepage(ManageStepdefinition.java:100)
	at ✽.admin navigate to homepage(file:///C:/Users/rubin/eclipse-workspace/New%20folder%20(2)/RLL_Group6/src/test/resources/Features/Manage.feature:11)
</textarea>
		</li>
	</ul>
</div>
<div class='scenario node' test-id='46' status='fail'>

	<span class='duration right label'>00 00 35.296</span>
	<div class="bdd-test">
		<div class="scenario-name"><span class='status fail' title='Fail'><i class='material-icons'>cancel</i></span> Scenario: Manage OpenMRS</div>
	</div>
	
	
		<div class='category-list'>
				<span class='category label'>@tag</span>
				<span class='category label'>@tag1</span>
		</div>
	
	<ul class='steps'>
		<li test-id='47' class='node given Pass' status='Pass'>
			<div class="step-name" title="(stepdefinitions.ManageStepdefinition.OpenMRS_url_open())"><span class='status pass' title='Pass'><i class='material-icons'>check_circle</i></span>Given OpenMRS url is open</div>


		</li>
		<li test-id='48' class='node and Pass' status='Pass'>
			<div class="step-name" title="(stepdefinitions.ManageStepdefinition.user_is_on_the_login_page())"><span class='status pass' title='Pass'><i class='material-icons'>check_circle</i></span>And user is on the login page</div>


		</li>
		<li test-id='49' class='node when Pass' status='Pass'>
			<div class="step-name" title="(stepdefinitions.ManageStepdefinition.admin_enter_username_and_password())"><span class='status pass' title='Pass'><i class='material-icons'>check_circle</i></span>When admin enter username and password</div>


		</li>
		<li test-id='50' class='node when Pass' status='Pass'>
			<div class="step-name" title="(stepdefinitions.ManageStepdefinition.admin_click_on_impatient_ward_to_access_location())"><span class='status pass' title='Pass'><i class='material-icons'>check_circle</i></span>When admin click on impatient ward to access location</div>


		</li>
		<li test-id='51' class='node then Fail' status='Fail'>
			<div class="step-name" title="(stepdefinitions.ManageStepdefinition.admin_navigate_to_homepage())"><span class='status fail' title='Fail'><i class='material-icons'>cancel</i></span>Then admin navigate to homepage</div>


					<textarea disabled class="code-block">java.lang.AssertionError: null
	at org.testng.Assert.fail(Assert.java:110)
	at org.testng.Assert.fail(Assert.java:115)
	at stepdefinitions.ManageStepdefinition.admin_navigate_to_homepage(ManageStepdefinition.java:100)
	at ✽.admin navigate to homepage(file:///C:/Users/rubin/eclipse-workspace/New%20folder%20(2)/RLL_Group6/src/test/resources/Features/Manage.feature:11)
</textarea>
		</li>
	</ul>
</div>
<div class='scenario node' test-id='53' status='pass'>

	<span class='duration right label'>00 00 36.861</span>
	<div class="bdd-test">
		<div class="scenario-name"><span class='status pass' title='Pass'><i class='material-icons'>check_circle</i></span> Scenario: Manage OpenMRS website</div>
	</div>
	
	
		<div class='category-list'>
				<span class='category label'>@tag</span>
		</div>
	
	<ul class='steps'>
		<li test-id='54' class='node given Pass' status='Pass'>
			<div class="step-name" title="(stepdefinitions.ManageStepdefinition.website_is_opened())"><span class='status pass' title='Pass'><i class='material-icons'>check_circle</i></span>Given website is opened</div>


		</li>
		<li test-id='55' class='node and Pass' status='Pass'>
			<div class="step-name" title="(stepdefinitions.ManageStepdefinition.naviagate_to_login_page())"><span class='status pass' title='Pass'><i class='material-icons'>check_circle</i></span>And naviagate to login page</div>


		</li>
		<li test-id='56' class='node when Pass' status='Pass'>
			<div class="step-name" title="(stepdefinitions.ManageStepdefinition.user_enter_username_and_password())"><span class='status pass' title='Pass'><i class='material-icons'>check_circle</i></span>When user enter username and password</div>


		</li>
		<li test-id='57' class='node when Pass' status='Pass'>
			<div class="step-name" title="(stepdefinitions.ManageStepdefinition.user_click_on_impatient_ward_to_access_location())"><span class='status pass' title='Pass'><i class='material-icons'>check_circle</i></span>When user click on impatient ward to access location</div>


		</li>
		<li test-id='58' class='node then Pass' status='Pass'>
			<div class="step-name" title="(stepdefinitions.ManageStepdefinition.user_navigate_to_homepage())"><span class='status pass' title='Pass'><i class='material-icons'>check_circle</i></span>Then user navigate to homepage</div>


		</li>
	</ul>
</div>
					</div>
				</li>
				<li class='test displayed active has-leaf pass' status='pass' bdd='true' test-id='60'>
					<div class='test-heading'>
						<span class='test-name'>OpenMRS Login file</span>
						<span class='test-time'>Feb 29, 2024 10:24:12 pm</span>
						<span class='test-status right pass'>Pass</span>
					</div>
					<div class='test-content hide'>
<div class="sr-filters bdd-filters">
	<a class="btn-floating waves-effect waves-light pass green" title="pass"><i class='material-icons'>check_circle</i></a>
	<a class="btn-floating waves-effect waves-light fail red" title="fail"><i class='material-icons'>cancel</i></a>
	<a class="btn-floating waves-effect waves-light skip blue" title="skip"><i class='material-icons'>redo</i></a>
	<a class="btn-floating waves-effect waves-light clear grey" title="clear"><i class='material-icons'>clear</i></a>
</div>
	<div class='test-desc'>  I want to use this template for feature file</div>

<div class='scenario node' test-id='61' status='pass'>

	<span class='duration right label'>00 00 32.120</span>
	<div class="bdd-test">
		<div class="scenario-name"><span class='status pass' title='Pass'><i class='material-icons'>check_circle</i></span> Scenario: Hospital Management project</div>
	</div>
	
	
		<div class='category-list'>
				<span class='category label'>@tag</span>
				<span class='category label'>@tag1</span>
		</div>
	
	<ul class='steps'>
		<li test-id='62' class='node given Pass' status='Pass'>
			<div class="step-name" title="(stepdefinitions.SearchPatientRecord.login_to_the_open_mrs_project_file_browser_is_open())"><span class='status pass' title='Pass'><i class='material-icons'>check_circle</i></span>Given login to the openMRS project file Browser is open</div>


		</li>
		<li test-id='63' class='node and Pass' status='Pass'>
			<div class="step-name" title="(stepdefinitions.SearchPatientRecord.browser_is_on_the_login_page())"><span class='status pass' title='Pass'><i class='material-icons'>check_circle</i></span>And Browser is on the login page</div>


		</li>
		<li test-id='64' class='node when Pass' status='Pass'>
			<div class="step-name" title="(stepdefinitions.SearchPatientRecord.i_enter_username_and_password())"><span class='status pass' title='Pass'><i class='material-icons'>check_circle</i></span>When I enter username and password</div>


		</li>
		<li test-id='65' class='node when Pass' status='Pass'>
			<div class="step-name" title="(stepdefinitions.SearchPatientRecord.i_click_on_the_impatient_ward_to_access_location())"><span class='status pass' title='Pass'><i class='material-icons'>check_circle</i></span>When I click on the impatient ward to access location</div>


		</li>
		<li test-id='66' class='node then Pass' status='Pass'>
			<div class="step-name" title="(stepdefinitions.SearchPatientRecord.i_navigated_to_the_home_page())"><span class='status pass' title='Pass'><i class='material-icons'>check_circle</i></span>Then I navigated to the Home page</div>


		</li>
	</ul>
</div>
					</div>
				</li>
				<li class='test displayed active has-leaf fail' status='fail' bdd='true' test-id='68'>
					<div class='test-heading'>
						<span class='test-name'>openmrs healthcare</span>
						<span class='test-time'>Feb 29, 2024 10:24:44 pm</span>
						<span class='test-status right fail'>Fail</span>
					</div>
					<div class='test-content hide'>
<div class="sr-filters bdd-filters">
	<a class="btn-floating waves-effect waves-light pass green" title="pass"><i class='material-icons'>check_circle</i></a>
	<a class="btn-floating waves-effect waves-light fail red" title="fail"><i class='material-icons'>cancel</i></a>
	<a class="btn-floating waves-effect waves-light skip blue" title="skip"><i class='material-icons'>redo</i></a>
	<a class="btn-floating waves-effect waves-light clear grey" title="clear"><i class='material-icons'>clear</i></a>
</div>
	<div class='test-desc'>  I want to use this template for my feature file</div>

<div class='scenario node' test-id='69' status='fail'>

	<span class='duration right label'>00 00 22.827</span>
	<div class="bdd-test">
		<div class="scenario-name"><span class='status fail' title='Fail'><i class='material-icons'>cancel</i></span> Scenario: Testing the openmrs</div>
	</div>
	
	
		<div class='category-list'>
				<span class='category label'>@tag</span>
				<span class='category label'>@tag1</span>
		</div>
	
	<ul class='steps'>
		<li test-id='70' class='node given Pass' status='Pass'>
			<div class="step-name" title="(stepdefinitions.CaptureVitals.i_want_to_open_the_browser7())"><span class='status pass' title='Pass'><i class='material-icons'>check_circle</i></span>Given I want to open the browser7</div>


		</li>
		<li test-id='71' class='node and Pass' status='Pass'>
			<div class="step-name" title="(stepdefinitions.CaptureVitals.i_want_to_open_the_openmrs_page())"><span class='status pass' title='Pass'><i class='material-icons'>check_circle</i></span>And I want to open the openmrs page</div>


		</li>
		<li test-id='72' class='node when Pass' status='Pass'>
			<div class="step-name" title="(stepdefinitions.CaptureVitals.i_give_login_credentials())"><span class='status pass' title='Pass'><i class='material-icons'>check_circle</i></span>When I give login credentials</div>


		</li>
		<li test-id='73' class='node and Pass' status='Pass'>
			<div class="step-name" title="(stepdefinitions.CaptureVitals.i_click_on_inpatient_ward_to_access_the_location())"><span class='status pass' title='Pass'><i class='material-icons'>check_circle</i></span>And I click on inpatient ward to access the location</div>


		</li>
		<li test-id='74' class='node when Fail' status='Fail'>
			<div class="step-name" title="(stepdefinitions.CaptureVitals.i_click_on_login())"><span class='status fail' title='Fail'><i class='material-icons'>cancel</i></span>When I click on login</div>


					<textarea disabled class="code-block">java.lang.AssertionError: null
	at org.testng.Assert.fail(Assert.java:110)
	at org.testng.Assert.fail(Assert.java:115)
	at stepdefinitions.CaptureVitals.i_click_on_login(CaptureVitals.java:93)
	at ✽.I click on login(file:///C:/Users/rubin/eclipse-workspace/New%20folder%20(2)/RLL_Group6/src/test/resources/Features/OpenmrsLogin.feature:11)
</textarea>
		</li>
		<li test-id='75' class='node then Skip' status='Skip'>
			<div class="step-name" title="(stepdefinitions.CaptureVitals.it_displays_the_home_page_and_access_capture_vitals())"><span class='status skip' title='Skip'><i class='material-icons'>redo</i></span>Then It displays the home page and access capture vitals</div>


					<div class="node-step">Step skipped</div>
		</li>
	</ul>
</div>
<div class='scenario node' test-id='77' status='fail'>

	<span class='duration right label'>00 00 21.406</span>
	<div class="bdd-test">
		<div class="scenario-name"><span class='status fail' title='Fail'><i class='material-icons'>cancel</i></span> Scenario: Testing the openmrs</div>
	</div>
	
	
		<div class='category-list'>
				<span class='category label'>@tag</span>
				<span class='category label'>@tag1</span>
		</div>
	
	<ul class='steps'>
		<li test-id='78' class='node given Pass' status='Pass'>
			<div class="step-name" title="(stepdefinitions.CaptureVitals.i_want_to_open_the_browser7())"><span class='status pass' title='Pass'><i class='material-icons'>check_circle</i></span>Given I want to open the browser7</div>


		</li>
		<li test-id='79' class='node and Pass' status='Pass'>
			<div class="step-name" title="(stepdefinitions.CaptureVitals.i_want_to_open_the_openmrs_page())"><span class='status pass' title='Pass'><i class='material-icons'>check_circle</i></span>And I want to open the openmrs page</div>


		</li>
		<li test-id='80' class='node when Pass' status='Pass'>
			<div class="step-name" title="(stepdefinitions.CaptureVitals.i_give_login_credentials())"><span class='status pass' title='Pass'><i class='material-icons'>check_circle</i></span>When I give login credentials</div>


		</li>
		<li test-id='81' class='node and Pass' status='Pass'>
			<div class="step-name" title="(stepdefinitions.CaptureVitals.i_click_on_inpatient_ward_to_access_the_location())"><span class='status pass' title='Pass'><i class='material-icons'>check_circle</i></span>And I click on inpatient ward to access the location</div>


		</li>
		<li test-id='82' class='node when Fail' status='Fail'>
			<div class="step-name" title="(stepdefinitions.CaptureVitals.i_click_on_login())"><span class='status fail' title='Fail'><i class='material-icons'>cancel</i></span>When I click on login</div>


					<textarea disabled class="code-block">java.lang.AssertionError: null
	at org.testng.Assert.fail(Assert.java:110)
	at org.testng.Assert.fail(Assert.java:115)
	at stepdefinitions.CaptureVitals.i_click_on_login(CaptureVitals.java:93)
	at ✽.I click on login(file:///C:/Users/rubin/eclipse-workspace/New%20folder%20(2)/RLL_Group6/src/test/resources/Features/OpenmrsLogin.feature:11)
</textarea>
		</li>
		<li test-id='83' class='node then Skip' status='Skip'>
			<div class="step-name" title="(stepdefinitions.CaptureVitals.it_displays_the_home_page_and_access_capture_vitals())"><span class='status skip' title='Skip'><i class='material-icons'>redo</i></span>Then It displays the home page and access capture vitals</div>


					<div class="node-step">Step skipped</div>
		</li>
	</ul>
</div>
<div class='scenario node' test-id='85' status='fail'>

	<span class='duration right label'>00 00 21.359</span>
	<div class="bdd-test">
		<div class="scenario-name"><span class='status fail' title='Fail'><i class='material-icons'>cancel</i></span> Scenario: Testing the openmrs</div>
	</div>
	
	
		<div class='category-list'>
				<span class='category label'>@tag</span>
				<span class='category label'>@tag1</span>
		</div>
	
	<ul class='steps'>
		<li test-id='86' class='node given Pass' status='Pass'>
			<div class="step-name" title="(stepdefinitions.CaptureVitals.i_want_to_open_the_browser7())"><span class='status pass' title='Pass'><i class='material-icons'>check_circle</i></span>Given I want to open the browser7</div>


		</li>
		<li test-id='87' class='node and Pass' status='Pass'>
			<div class="step-name" title="(stepdefinitions.CaptureVitals.i_want_to_open_the_openmrs_page())"><span class='status pass' title='Pass'><i class='material-icons'>check_circle</i></span>And I want to open the openmrs page</div>


		</li>
		<li test-id='88' class='node when Pass' status='Pass'>
			<div class="step-name" title="(stepdefinitions.CaptureVitals.i_give_login_credentials())"><span class='status pass' title='Pass'><i class='material-icons'>check_circle</i></span>When I give login credentials</div>


		</li>
		<li test-id='89' class='node and Pass' status='Pass'>
			<div class="step-name" title="(stepdefinitions.CaptureVitals.i_click_on_inpatient_ward_to_access_the_location())"><span class='status pass' title='Pass'><i class='material-icons'>check_circle</i></span>And I click on inpatient ward to access the location</div>


		</li>
		<li test-id='90' class='node when Fail' status='Fail'>
			<div class="step-name" title="(stepdefinitions.CaptureVitals.i_click_on_login())"><span class='status fail' title='Fail'><i class='material-icons'>cancel</i></span>When I click on login</div>


					<textarea disabled class="code-block">java.lang.AssertionError: null
	at org.testng.Assert.fail(Assert.java:110)
	at org.testng.Assert.fail(Assert.java:115)
	at stepdefinitions.CaptureVitals.i_click_on_login(CaptureVitals.java:93)
	at ✽.I click on login(file:///C:/Users/rubin/eclipse-workspace/New%20folder%20(2)/RLL_Group6/src/test/resources/Features/OpenmrsLogin.feature:11)
</textarea>
		</li>
		<li test-id='91' class='node then Skip' status='Skip'>
			<div class="step-name" title="(stepdefinitions.CaptureVitals.it_displays_the_home_page_and_access_capture_vitals())"><span class='status skip' title='Skip'><i class='material-icons'>redo</i></span>Then It displays the home page and access capture vitals</div>


					<div class="node-step">Step skipped</div>
		</li>
	</ul>
</div>
					</div>
				</li>
				<li class='test displayed active has-leaf pass' status='pass' bdd='true' test-id='93'>
					<div class='test-heading'>
						<span class='test-name'>Registration</span>
						<span class='test-time'>Feb 29, 2024 10:25:50 pm</span>
						<span class='test-status right pass'>Pass</span>
					</div>
					<div class='test-content hide'>
<div class="sr-filters bdd-filters">
	<a class="btn-floating waves-effect waves-light pass green" title="pass"><i class='material-icons'>check_circle</i></a>
	<a class="btn-floating waves-effect waves-light fail red" title="fail"><i class='material-icons'>cancel</i></a>
	<a class="btn-floating waves-effect waves-light skip blue" title="skip"><i class='material-icons'>redo</i></a>
	<a class="btn-floating waves-effect waves-light clear grey" title="clear"><i class='material-icons'>clear</i></a>
</div>
	<div class='test-desc'>  I want to use this template for my feature file</div>

<div class='scenario node' test-id='94' status='pass'>

	<span class='duration right label'>00 00 43.411</span>
	<div class="bdd-test">
		<div class="scenario-name"><span class='status pass' title='Pass'><i class='material-icons'>check_circle</i></span> Scenario: Open registration page</div>
	</div>
	
	
		<div class='category-list'>
				<span class='category label'>@tag</span>
				<span class='category label'>@tag1</span>
		</div>
	
	<ul class='steps'>
		<li test-id='95' class='node given Pass' status='Pass'>
			<div class="step-name" title="(stepdefinitions.Register.i_want_to_open_the_browser())"><span class='status pass' title='Pass'><i class='material-icons'>check_circle</i></span>Given I want to open the browser</div>


		</li>
		<li test-id='96' class='node and Pass' status='Pass'>
			<div class="step-name" title="(stepdefinitions.Register.open_open_mrs_page())"><span class='status pass' title='Pass'><i class='material-icons'>check_circle</i></span>And open OpenMRS page</div>


		</li>
		<li test-id='97' class='node when Pass' status='Pass'>
			<div class="step-name" title="(stepdefinitions.Register.i_enter_valid_credentials())"><span class='status pass' title='Pass'><i class='material-icons'>check_circle</i></span>When I enter valid credentials</div>


		</li>
		<li test-id='98' class='node and Pass' status='Pass'>
			<div class="step-name" title="(stepdefinitions.Register.click_on_inpatient_ward())"><span class='status pass' title='Pass'><i class='material-icons'>check_circle</i></span>And click on inpatient ward</div>


		</li>
		<li test-id='99' class='node then Pass' status='Pass'>
			<div class="step-name" title="(stepdefinitions.Register.i_open_the_home_page())"><span class='status pass' title='Pass'><i class='material-icons'>check_circle</i></span>Then I open the home page</div>


		</li>
	</ul>
</div>
					</div>
				</li>
				<li class='test displayed active has-leaf fail' status='fail' bdd='true' test-id='101'>
					<div class='test-heading'>
						<span class='test-name'>find patient records of the page</span>
						<span class='test-time'>Feb 29, 2024 10:26:34 pm</span>
						<span class='test-status right fail'>Fail</span>
					</div>
					<div class='test-content hide'>
<div class="sr-filters bdd-filters">
	<a class="btn-floating waves-effect waves-light pass green" title="pass"><i class='material-icons'>check_circle</i></a>
	<a class="btn-floating waves-effect waves-light fail red" title="fail"><i class='material-icons'>cancel</i></a>
	<a class="btn-floating waves-effect waves-light skip blue" title="skip"><i class='material-icons'>redo</i></a>
	<a class="btn-floating waves-effect waves-light clear grey" title="clear"><i class='material-icons'>clear</i></a>
</div>
	<div class='test-desc'>  I want to use this template for my openmrs feature  file</div>

<div class='scenario node' test-id='102' status='fail'>

	<span class='duration right label'>00 00 31.937</span>
	<div class="bdd-test">
		<div class="scenario-name"><span class='status fail' title='Fail'><i class='material-icons'>cancel</i></span> Scenario: Find patient records</div>
	</div>
	
	
		<div class='category-list'>
				<span class='category label'>@tag</span>
				<span class='category label'>@tag1</span>
		</div>
	
	<ul class='steps'>
		<li test-id='103' class='node given Pass' status='Pass'>
			<div class="step-name" title="(stepdefinitions.findrecords.i_want_to_write_open_the_web_browser())"><span class='status pass' title='Pass'><i class='material-icons'>check_circle</i></span>Given I want to write open the web browser</div>


		</li>
		<li test-id='104' class='node and Pass' status='Pass'>
			<div class="step-name" title="(stepdefinitions.findrecords.open_the_login_page_of_open_mrs())"><span class='status pass' title='Pass'><i class='material-icons'>check_circle</i></span>And open the login page of open mrs</div>


		</li>
		<li test-id='105' class='node when Pass' status='Pass'>
			<div class="step-name" title="(stepdefinitions.findrecords.i_had_to_give_the_proper_credentials())"><span class='status pass' title='Pass'><i class='material-icons'>check_circle</i></span>When I had to give the proper credentials</div>


		</li>
		<li test-id='106' class='node and Pass' status='Pass'>
			<div class="step-name" title="(stepdefinitions.findrecords.i_click_on_inpatient_ward())"><span class='status pass' title='Pass'><i class='material-icons'>check_circle</i></span>And i click on inpatient ward</div>


		</li>
		<li test-id='107' class='node and Pass' status='Pass'>
			<div class="step-name" title="(stepdefinitions.findrecords.click_on_login_button())"><span class='status pass' title='Pass'><i class='material-icons'>check_circle</i></span>And click on login button</div>


		</li>
		<li test-id='108' class='node then Fail' status='Fail'>
			<div class="step-name" title="(stepdefinitions.findrecords.i_open_the_find_patient_records_page())"><span class='status fail' title='Fail'><i class='material-icons'>cancel</i></span>Then I open the find patient records page</div>


					<textarea disabled class="code-block">org.openqa.selenium.ElementNotInteractableException: element not interactable
  (Session info: chrome=122.0.6261.94)
Build info: version: '4.11.0', revision: '040bc5406b'
System info: os.name: 'Windows 11', os.arch: 'amd64', os.version: '10.0', java.version: '17.0.9'
Driver info: org.openqa.selenium.chrome.ChromeDriver
Command: [93ae874180d001c77c6ac02be39c3b37, sendKeysToElement {id=f.498F90B67D22376DC94F30AD2161903F.d.74B6434F328CECDF0A37C2B5083ED81E.e.136, value=[Ljava.lang.CharSequence;@46507dda}]
Capabilities {acceptInsecureCerts: false, browserName: chrome, browserVersion: 122.0.6261.94, chrome: {chromedriverVersion: 122.0.6261.94 (880dbf29479c..., userDataDir: C:\Users\rubin\AppData\Loca...}, fedcm:accounts: true, goog:chromeOptions: {debuggerAddress: localhost:59782}, networkConnectionEnabled: false, pageLoadStrategy: normal, platformName: windows, proxy: Proxy(), se:cdp: ws://localhost:59782/devtoo..., se:cdpVersion: 122.0.6261.94, setWindowRect: true, strictFileInteractability: false, timeouts: {implicit: 0, pageLoad: 300000, script: 30000}, unhandledPromptBehavior: dismiss and notify, webauthn:extension:credBlob: true, webauthn:extension:largeBlob: true, webauthn:extension:minPinLength: true, webauthn:extension:prf: true, webauthn:virtualAuthenticators: true}
Element: [[ChromeDriver: chrome on windows (93ae874180d001c77c6ac02be39c3b37)] -> xpath: //*[@id="birthdateDay-field"]]
Session ID: 93ae874180d001c77c6ac02be39c3b37
	at java.base/jdk.internal.reflect.NativeConstructorAccessorImpl.newInstance0(Native Method)
	at java.base/jdk.internal.reflect.NativeConstructorAccessorImpl.newInstance(NativeConstructorAccessorImpl.java:77)
	at java.base/jdk.internal.reflect.DelegatingConstructorAccessorImpl.newInstance(DelegatingConstructorAccessorImpl.java:45)
	at java.base/java.lang.reflect.Constructor.newInstanceWithCaller(Constructor.java:499)
	at java.base/java.lang.reflect.Constructor.newInstance(Constructor.java:480)
	at org.openqa.selenium.remote.codec.w3c.W3CHttpResponseCodec.createException(W3CHttpResponseCodec.java:200)
	at org.openqa.selenium.remote.codec.w3c.W3CHttpResponseCodec.decode(W3CHttpResponseCodec.java:133)
	at org.openqa.selenium.remote.codec.w3c.W3CHttpResponseCodec.decode(W3CHttpResponseCodec.java:52)
	at org.openqa.selenium.remote.HttpCommandExecutor.execute(HttpCommandExecutor.java:191)
	at org.openqa.selenium.remote.service.DriverCommandExecutor.invokeExecute(DriverCommandExecutor.java:196)
	at org.openqa.selenium.remote.service.DriverCommandExecutor.execute(DriverCommandExecutor.java:171)
	at org.openqa.selenium.remote.RemoteWebDriver.execute(RemoteWebDriver.java:518)
	at org.openqa.selenium.remote.RemoteWebElement.execute(RemoteWebElement.java:224)
	at org.openqa.selenium.remote.RemoteWebElement.sendKeys(RemoteWebElement.java:111)
	at stepdefinitions.findrecords.i_open_the_find_patient_records_page(findrecords.java:79)
	at ✽.I open the find patient records page(file:///C:/Users/rubin/eclipse-workspace/New%20folder%20(2)/RLL_Group6/src/test/resources/Features/Senario8.feature:12)
</textarea>
		</li>
	</ul>
</div>
<div class='scenario node' test-id='110' status='fail'>

	<span class='duration right label'>00 00 32.015</span>
	<div class="bdd-test">
		<div class="scenario-name"><span class='status fail' title='Fail'><i class='material-icons'>cancel</i></span> Scenario: Find patient records</div>
	</div>
	
	
		<div class='category-list'>
				<span class='category label'>@tag</span>
				<span class='category label'>@tag1</span>
		</div>
	
	<ul class='steps'>
		<li test-id='111' class='node given Pass' status='Pass'>
			<div class="step-name" title="(stepdefinitions.findrecords.i_want_to_write_open_the_web_browser())"><span class='status pass' title='Pass'><i class='material-icons'>check_circle</i></span>Given I want to write open the web browser</div>


		</li>
		<li test-id='112' class='node and Pass' status='Pass'>
			<div class="step-name" title="(stepdefinitions.findrecords.open_the_login_page_of_open_mrs())"><span class='status pass' title='Pass'><i class='material-icons'>check_circle</i></span>And open the login page of open mrs</div>


		</li>
		<li test-id='113' class='node when Pass' status='Pass'>
			<div class="step-name" title="(stepdefinitions.findrecords.i_had_to_give_the_proper_credentials())"><span class='status pass' title='Pass'><i class='material-icons'>check_circle</i></span>When I had to give the proper credentials</div>


		</li>
		<li test-id='114' class='node and Pass' status='Pass'>
			<div class="step-name" title="(stepdefinitions.findrecords.i_click_on_inpatient_ward())"><span class='status pass' title='Pass'><i class='material-icons'>check_circle</i></span>And i click on inpatient ward</div>


		</li>
		<li test-id='115' class='node and Pass' status='Pass'>
			<div class="step-name" title="(stepdefinitions.findrecords.click_on_login_button())"><span class='status pass' title='Pass'><i class='material-icons'>check_circle</i></span>And click on login button</div>


		</li>
		<li test-id='116' class='node then Fail' status='Fail'>
			<div class="step-name" title="(stepdefinitions.findrecords.i_open_the_find_patient_records_page())"><span class='status fail' title='Fail'><i class='material-icons'>cancel</i></span>Then I open the find patient records page</div>


					<textarea disabled class="code-block">org.openqa.selenium.ElementNotInteractableException: element not interactable
  (Session info: chrome=122.0.6261.94)
Build info: version: '4.11.0', revision: '040bc5406b'
System info: os.name: 'Windows 11', os.arch: 'amd64', os.version: '10.0', java.version: '17.0.9'
Driver info: org.openqa.selenium.chrome.ChromeDriver
Command: [662436c2ebb07eede4e748ba4d1f0340, sendKeysToElement {id=f.94414DD2908E3318689E57D47548594B.d.DD3965106288C8356BC7A8B51205DCA2.e.137, value=[Ljava.lang.CharSequence;@7f839ec5}]
Capabilities {acceptInsecureCerts: false, browserName: chrome, browserVersion: 122.0.6261.94, chrome: {chromedriverVersion: 122.0.6261.94 (880dbf29479c..., userDataDir: C:\Users\rubin\AppData\Loca...}, fedcm:accounts: true, goog:chromeOptions: {debuggerAddress: localhost:59830}, networkConnectionEnabled: false, pageLoadStrategy: normal, platformName: windows, proxy: Proxy(), se:cdp: ws://localhost:59830/devtoo..., se:cdpVersion: 122.0.6261.94, setWindowRect: true, strictFileInteractability: false, timeouts: {implicit: 0, pageLoad: 300000, script: 30000}, unhandledPromptBehavior: dismiss and notify, webauthn:extension:credBlob: true, webauthn:extension:largeBlob: true, webauthn:extension:minPinLength: true, webauthn:extension:prf: true, webauthn:virtualAuthenticators: true}
Element: [[ChromeDriver: chrome on windows (662436c2ebb07eede4e748ba4d1f0340)] -> xpath: //*[@id="birthdateDay-field"]]
Session ID: 662436c2ebb07eede4e748ba4d1f0340
	at java.base/jdk.internal.reflect.NativeConstructorAccessorImpl.newInstance0(Native Method)
	at java.base/jdk.internal.reflect.NativeConstructorAccessorImpl.newInstance(NativeConstructorAccessorImpl.java:77)
	at java.base/jdk.internal.reflect.DelegatingConstructorAccessorImpl.newInstance(DelegatingConstructorAccessorImpl.java:45)
	at java.base/java.lang.reflect.Constructor.newInstanceWithCaller(Constructor.java:499)
	at java.base/java.lang.reflect.Constructor.newInstance(Constructor.java:480)
	at org.openqa.selenium.remote.codec.w3c.W3CHttpResponseCodec.createException(W3CHttpResponseCodec.java:200)
	at org.openqa.selenium.remote.codec.w3c.W3CHttpResponseCodec.decode(W3CHttpResponseCodec.java:133)
	at org.openqa.selenium.remote.codec.w3c.W3CHttpResponseCodec.decode(W3CHttpResponseCodec.java:52)
	at org.openqa.selenium.remote.HttpCommandExecutor.execute(HttpCommandExecutor.java:191)
	at org.openqa.selenium.remote.service.DriverCommandExecutor.invokeExecute(DriverCommandExecutor.java:196)
	at org.openqa.selenium.remote.service.DriverCommandExecutor.execute(DriverCommandExecutor.java:171)
	at org.openqa.selenium.remote.RemoteWebDriver.execute(RemoteWebDriver.java:518)
	at org.openqa.selenium.remote.RemoteWebElement.execute(RemoteWebElement.java:224)
	at org.openqa.selenium.remote.RemoteWebElement.sendKeys(RemoteWebElement.java:111)
	at stepdefinitions.findrecords.i_open_the_find_patient_records_page(findrecords.java:79)
	at ✽.I open the find patient records page(file:///C:/Users/rubin/eclipse-workspace/New%20folder%20(2)/RLL_Group6/src/test/resources/Features/Senario8.feature:12)
</textarea>
		</li>
	</ul>
</div>
<div class='scenario node' test-id='118' status='fail'>

	<span class='duration right label'>00 00 29.343</span>
	<div class="bdd-test">
		<div class="scenario-name"><span class='status fail' title='Fail'><i class='material-icons'>cancel</i></span> Scenario: Find patient records</div>
	</div>
	
	
		<div class='category-list'>
				<span class='category label'>@tag</span>
				<span class='category label'>@tag1</span>
		</div>
	
	<ul class='steps'>
		<li test-id='119' class='node given Pass' status='Pass'>
			<div class="step-name" title="(stepdefinitions.findrecords.i_want_to_write_open_the_web_browser())"><span class='status pass' title='Pass'><i class='material-icons'>check_circle</i></span>Given I want to write open the web browser</div>


		</li>
		<li test-id='120' class='node and Pass' status='Pass'>
			<div class="step-name" title="(stepdefinitions.findrecords.open_the_login_page_of_open_mrs())"><span class='status pass' title='Pass'><i class='material-icons'>check_circle</i></span>And open the login page of open mrs</div>


		</li>
		<li test-id='121' class='node when Pass' status='Pass'>
			<div class="step-name" title="(stepdefinitions.findrecords.i_had_to_give_the_proper_credentials())"><span class='status pass' title='Pass'><i class='material-icons'>check_circle</i></span>When I had to give the proper credentials</div>


		</li>
		<li test-id='122' class='node and Pass' status='Pass'>
			<div class="step-name" title="(stepdefinitions.findrecords.i_click_on_inpatient_ward())"><span class='status pass' title='Pass'><i class='material-icons'>check_circle</i></span>And i click on inpatient ward</div>


		</li>
		<li test-id='123' class='node and Pass' status='Pass'>
			<div class="step-name" title="(stepdefinitions.findrecords.click_on_login_button())"><span class='status pass' title='Pass'><i class='material-icons'>check_circle</i></span>And click on login button</div>


		</li>
		<li test-id='124' class='node then Fail' status='Fail'>
			<div class="step-name" title="(stepdefinitions.findrecords.i_open_the_find_patient_records_page())"><span class='status fail' title='Fail'><i class='material-icons'>cancel</i></span>Then I open the find patient records page</div>


					<textarea disabled class="code-block">org.openqa.selenium.ElementNotInteractableException: element not interactable
  (Session info: chrome=122.0.6261.94)
Build info: version: '4.11.0', revision: '040bc5406b'
System info: os.name: 'Windows 11', os.arch: 'amd64', os.version: '10.0', java.version: '17.0.9'
Driver info: org.openqa.selenium.chrome.ChromeDriver
Command: [4ae968b6d77352ef144fa99d5c803864, sendKeysToElement {id=f.A566BF7B9537A66E2A58C031906C68BB.d.1AEF3229226F1A0D5869ECA28C1B6BFF.e.137, value=[Ljava.lang.CharSequence;@4c89c98a}]
Capabilities {acceptInsecureCerts: false, browserName: chrome, browserVersion: 122.0.6261.94, chrome: {chromedriverVersion: 122.0.6261.94 (880dbf29479c..., userDataDir: C:\Users\rubin\AppData\Loca...}, fedcm:accounts: true, goog:chromeOptions: {debuggerAddress: localhost:59874}, networkConnectionEnabled: false, pageLoadStrategy: normal, platformName: windows, proxy: Proxy(), se:cdp: ws://localhost:59874/devtoo..., se:cdpVersion: 122.0.6261.94, setWindowRect: true, strictFileInteractability: false, timeouts: {implicit: 0, pageLoad: 300000, script: 30000}, unhandledPromptBehavior: dismiss and notify, webauthn:extension:credBlob: true, webauthn:extension:largeBlob: true, webauthn:extension:minPinLength: true, webauthn:extension:prf: true, webauthn:virtualAuthenticators: true}
Element: [[ChromeDriver: chrome on windows (4ae968b6d77352ef144fa99d5c803864)] -> xpath: //*[@id="birthdateDay-field"]]
Session ID: 4ae968b6d77352ef144fa99d5c803864
	at java.base/jdk.internal.reflect.NativeConstructorAccessorImpl.newInstance0(Native Method)
	at java.base/jdk.internal.reflect.NativeConstructorAccessorImpl.newInstance(NativeConstructorAccessorImpl.java:77)
	at java.base/jdk.internal.reflect.DelegatingConstructorAccessorImpl.newInstance(DelegatingConstructorAccessorImpl.java:45)
	at java.base/java.lang.reflect.Constructor.newInstanceWithCaller(Constructor.java:499)
	at java.base/java.lang.reflect.Constructor.newInstance(Constructor.java:480)
	at org.openqa.selenium.remote.codec.w3c.W3CHttpResponseCodec.createException(W3CHttpResponseCodec.java:200)
	at org.openqa.selenium.remote.codec.w3c.W3CHttpResponseCodec.decode(W3CHttpResponseCodec.java:133)
	at org.openqa.selenium.remote.codec.w3c.W3CHttpResponseCodec.decode(W3CHttpResponseCodec.java:52)
	at org.openqa.selenium.remote.HttpCommandExecutor.execute(HttpCommandExecutor.java:191)
	at org.openqa.selenium.remote.service.DriverCommandExecutor.invokeExecute(DriverCommandExecutor.java:196)
	at org.openqa.selenium.remote.service.DriverCommandExecutor.execute(DriverCommandExecutor.java:171)
	at org.openqa.selenium.remote.RemoteWebDriver.execute(RemoteWebDriver.java:518)
	at org.openqa.selenium.remote.RemoteWebElement.execute(RemoteWebElement.java:224)
	at org.openqa.selenium.remote.RemoteWebElement.sendKeys(RemoteWebElement.java:111)
	at stepdefinitions.findrecords.i_open_the_find_patient_records_page(findrecords.java:79)
	at ✽.I open the find patient records page(file:///C:/Users/rubin/eclipse-workspace/New%20folder%20(2)/RLL_Group6/src/test/resources/Features/Senario8.feature:12)
</textarea>
		</li>
	</ul>
</div>
					</div>
				</li>
				<li class='test displayed active has-leaf pass' status='pass' bdd='true' test-id='126'>
					<div class='test-heading'>
						<span class='test-name'>OpenMrs1 login1</span>
						<span class='test-time'>Feb 29, 2024 10:28:07 pm</span>
						<span class='test-status right pass'>Pass</span>
					</div>
					<div class='test-content hide'>
<div class="sr-filters bdd-filters">
	<a class="btn-floating waves-effect waves-light pass green" title="pass"><i class='material-icons'>check_circle</i></a>
	<a class="btn-floating waves-effect waves-light fail red" title="fail"><i class='material-icons'>cancel</i></a>
	<a class="btn-floating waves-effect waves-light skip blue" title="skip"><i class='material-icons'>redo</i></a>
	<a class="btn-floating waves-effect waves-light clear grey" title="clear"><i class='material-icons'>clear</i></a>
</div>
	<div class='test-desc'> i want to use this template for my login file</div>

<div class='scenario node' test-id='127' status='pass'>

	<span class='duration right label'>00 00 39.260</span>
	<div class="bdd-test">
		<div class="scenario-name"><span class='status pass' title='Pass'><i class='material-icons'>check_circle</i></span> Scenario: Login1 openMrs1</div>
	</div>
	
	
		<div class='category-list'>
				<span class='category label'>@tag</span>
		</div>
	
	<ul class='steps'>
		<li test-id='128' class='node given Pass' status='Pass'>
			<div class="step-name" title="(stepdefinitions.ServicetypesM.browser_is_open())"><span class='status pass' title='Pass'><i class='material-icons'>check_circle</i></span>Given Browser is open</div>


		</li>
		<li test-id='129' class='node and Pass' status='Pass'>
			<div class="step-name" title="(stepdefinitions.ServicetypesM.admin_is_on_the_login_page())"><span class='status pass' title='Pass'><i class='material-icons'>check_circle</i></span>And admin is on the login page</div>


		</li>
		<li test-id='130' class='node when Pass' status='Pass'>
			<div class="step-name" title="(stepdefinitions.ServicetypesM.i_enter_username_and_password())"><span class='status pass' title='Pass'><i class='material-icons'>check_circle</i></span>When i enter username and password</div>


		</li>
		<li test-id='131' class='node when Pass' status='Pass'>
			<div class="step-name" title="(stepdefinitions.ServicetypesM.i_click_on_inpatient_ward_to_access_location())"><span class='status pass' title='Pass'><i class='material-icons'>check_circle</i></span>When i click on inpatient ward to access location</div>


		</li>
		<li test-id='132' class='node then Pass' status='Pass'>
			<div class="step-name" title="(stepdefinitions.ServicetypesM.i_navigate_to_the_home_page())"><span class='status pass' title='Pass'><i class='material-icons'>check_circle</i></span>Then i navigate to the home page</div>


		</li>
	</ul>
</div>
					</div>
				</li>
			</ul>
		</div>
	</div>
	
	
	<!-- subview left -->
	<div class='subview-right left'>
		<div class='view-summary'>
			<div id='step-filters' class="right sr-filters">
				<a class="btn-floating waves-effect waves-light green" status="pass" alt="pass" title="pass"><i class="material-icons">check_circle</i></a>
				<a class="btn-floating waves-effect waves-light red" status="fail" alt="fail" title="fail"><i class="material-icons">cancel</i></a>
				<a class="btn-floating waves-effect waves-light red darken-4" status="fatal" alt="fatal" title="fatal"><i class="material-icons">cancel</i></a>
				<a class="btn-floating waves-effect waves-light pink text-lighten-1" status="error" alt="error" title="error"><i class="material-icons">error</i></a>
				<a class="btn-floating waves-effect waves-light orange" alt="warning" status="warning" title="warning"><i class="material-icons">warning</i></a>
				<a class="btn-floating waves-effect waves-light teal" status="skip" alt="skip" title="skip"><i class="material-icons">redo</i></a>
				<a class="btn-floating waves-effect waves-light grey" status="clear" alt="Clear filters" title="Clear filters"><i class="material-icons">clear</i></a>
			</div>
			<h5 class='test-name'></h5>
		</div>
	</div>
	<!-- subview right -->
</div>
<!-- test view --><div id='category-view' class='view hide'>
	<section id='controls'>
		<div class='controls grey lighten-4'>
			<!-- search -->
			<div class='chip transparent' alt='Search Tests' title='Search Tests'>
				<a href="#" class='search-div'>
				<i class='material-icons'>search</i> Search
				</a>
				<div class='input-field left hide'>
					<input id='search-tests' type='text' class='validate browser-default' placeholder='Search Tests...'>
				</div>
			</div>
			<!-- search -->
		</div>
	</section>
	<div class='subview-left left'>
		<div class='view-summary'>
			<ul id='category-collection' class='category-collection'>
				<li class='category displayed active'>
					<div class='category-heading'>
						<span class='category-name'>@tag1</span>
						<span class='category-status right'>
						<span class='label pass'>2</span>
						<span class='label fail'>12</span>
						</span>
					</div>
					<div class='category-content hide'>
						<div class='category-status-counts'>
							<span status="pass" class='label green accent-4 white-text'>Passed: 2</span>
							<span status="fail" class='label red lighten-1 white-text'>Failed: 12</span>
							
						</div>
						<div class='category-tests'>
							<table class='bordered table-results'>
								<thead>
									<tr>
										<th>Timestamp</th>
										<th>TestName</th>
										<th>Status</th>
									</tr>
								</thead>
								<tbody>
									<tr>
										<td>Feb 29, 2024 10:20:18 pm</td>
										<td class='linked' test-id='2'>Managing Appointment Blocks</td>
										<td><span class='test-status Fail'>Fail</span></td>
									</tr>
									<tr>
										<td>Feb 29, 2024 10:20:49 pm</td>
										<td class='linked' test-id='9'>Managing Appointment Blocks</td>
										<td><span class='test-status Fail'>Fail</span></td>
									</tr>
									<tr>
										<td>Feb 29, 2024 10:21:13 pm</td>
										<td class='linked' test-id='16'>Managing Appointment Blocks</td>
										<td><span class='test-status Fail'>Fail</span></td>
									</tr>
									<tr>
										<td>Feb 29, 2024 10:21:50 pm</td>
										<td class='linked' test-id='32'>Manage OpenMRS</td>
										<td><span class='test-status Fail'>Fail</span></td>
									</tr>
									<tr>
										<td>Feb 29, 2024 10:22:25 pm</td>
										<td class='linked' test-id='39'>Manage OpenMRS</td>
										<td><span class='test-status Fail'>Fail</span></td>
									</tr>
									<tr>
										<td>Feb 29, 2024 10:23:00 pm</td>
										<td class='linked' test-id='46'>Manage OpenMRS</td>
										<td><span class='test-status Fail'>Fail</span></td>
									</tr>
									<tr>
										<td>Feb 29, 2024 10:24:12 pm</td>
										<td class='linked' test-id='61'>Hospital Management project</td>
										<td><span class='test-status Pass'>Pass</span></td>
									</tr>
									<tr>
										<td>Feb 29, 2024 10:24:44 pm</td>
										<td class='linked' test-id='69'>Testing the openmrs</td>
										<td><span class='test-status Fail'>Fail</span></td>
									</tr>
									<tr>
										<td>Feb 29, 2024 10:25:07 pm</td>
										<td class='linked' test-id='77'>Testing the openmrs</td>
										<td><span class='test-status Fail'>Fail</span></td>
									</tr>
									<tr>
										<td>Feb 29, 2024 10:25:29 pm</td>
										<td class='linked' test-id='85'>Testing the openmrs</td>
										<td><span class='test-status Fail'>Fail</span></td>
									</tr>
									<tr>
										<td>Feb 29, 2024 10:25:50 pm</td>
										<td class='linked' test-id='94'>Open registration page</td>
										<td><span class='test-status Pass'>Pass</span></td>
									</tr>
									<tr>
										<td>Feb 29, 2024 10:26:34 pm</td>
										<td class='linked' test-id='102'>Find patient records</td>
										<td><span class='test-status Fail'>Fail</span></td>
									</tr>
									<tr>
										<td>Feb 29, 2024 10:27:05 pm</td>
										<td class='linked' test-id='110'>Find patient records</td>
										<td><span class='test-status Fail'>Fail</span></td>
									</tr>
									<tr>
										<td>Feb 29, 2024 10:27:38 pm</td>
										<td class='linked' test-id='118'>Find patient records</td>
										<td><span class='test-status Fail'>Fail</span></td>
									</tr>
								</tbody>
							</table>
						</div>
					</div>
				</li>
				<li class='category displayed active'>
					<div class='category-heading'>
						<span class='category-name'>@tag</span>
						<span class='category-status right'>
						<span class='label pass'>5</span>
						<span class='label fail'>12</span>
						</span>
					</div>
					<div class='category-content hide'>
						<div class='category-status-counts'>
							<span status="pass" class='label green accent-4 white-text'>Passed: 5</span>
							<span status="fail" class='label red lighten-1 white-text'>Failed: 12</span>
							
						</div>
						<div class='category-tests'>
							<table class='bordered table-results'>
								<thead>
									<tr>
										<th>Timestamp</th>
										<th>TestName</th>
										<th>Status</th>
									</tr>
								</thead>
								<tbody>
									<tr>
										<td>Feb 29, 2024 10:20:18 pm</td>
										<td class='linked' test-id='2'>Managing Appointment Blocks</td>
										<td><span class='test-status Fail'>Fail</span></td>
									</tr>
									<tr>
										<td>Feb 29, 2024 10:20:49 pm</td>
										<td class='linked' test-id='9'>Managing Appointment Blocks</td>
										<td><span class='test-status Fail'>Fail</span></td>
									</tr>
									<tr>
										<td>Feb 29, 2024 10:21:13 pm</td>
										<td class='linked' test-id='16'>Managing Appointment Blocks</td>
										<td><span class='test-status Fail'>Fail</span></td>
									</tr>
									<tr>
										<td>Feb 29, 2024 10:21:38 pm</td>
										<td class='linked' test-id='24'>User logs in with valid credentials</td>
										<td><span class='test-status Pass'>Pass</span></td>
									</tr>
									<tr>
										<td>Feb 29, 2024 10:21:50 pm</td>
										<td class='linked' test-id='32'>Manage OpenMRS</td>
										<td><span class='test-status Fail'>Fail</span></td>
									</tr>
									<tr>
										<td>Feb 29, 2024 10:22:25 pm</td>
										<td class='linked' test-id='39'>Manage OpenMRS</td>
										<td><span class='test-status Fail'>Fail</span></td>
									</tr>
									<tr>
										<td>Feb 29, 2024 10:23:00 pm</td>
										<td class='linked' test-id='46'>Manage OpenMRS</td>
										<td><span class='test-status Fail'>Fail</span></td>
									</tr>
									<tr>
										<td>Feb 29, 2024 10:23:35 pm</td>
										<td class='linked' test-id='53'>Manage OpenMRS website</td>
										<td><span class='test-status Pass'>Pass</span></td>
									</tr>
									<tr>
										<td>Feb 29, 2024 10:24:12 pm</td>
										<td class='linked' test-id='61'>Hospital Management project</td>
										<td><span class='test-status Pass'>Pass</span></td>
									</tr>
									<tr>
										<td>Feb 29, 2024 10:24:44 pm</td>
										<td class='linked' test-id='69'>Testing the openmrs</td>
										<td><span class='test-status Fail'>Fail</span></td>
									</tr>
									<tr>
										<td>Feb 29, 2024 10:25:07 pm</td>
										<td class='linked' test-id='77'>Testing the openmrs</td>
										<td><span class='test-status Fail'>Fail</span></td>
									</tr>
									<tr>
										<td>Feb 29, 2024 10:25:29 pm</td>
										<td class='linked' test-id='85'>Testing the openmrs</td>
										<td><span class='test-status Fail'>Fail</span></td>
									</tr>
									<tr>
										<td>Feb 29, 2024 10:25:50 pm</td>
										<td class='linked' test-id='94'>Open registration page</td>
										<td><span class='test-status Pass'>Pass</span></td>
									</tr>
									<tr>
										<td>Feb 29, 2024 10:26:34 pm</td>
										<td class='linked' test-id='102'>Find patient records</td>
										<td><span class='test-status Fail'>Fail</span></td>
									</tr>
									<tr>
										<td>Feb 29, 2024 10:27:05 pm</td>
										<td class='linked' test-id='110'>Find patient records</td>
										<td><span class='test-status Fail'>Fail</span></td>
									</tr>
									<tr>
										<td>Feb 29, 2024 10:27:38 pm</td>
										<td class='linked' test-id='118'>Find patient records</td>
										<td><span class='test-status Fail'>Fail</span></td>
									</tr>
									<tr>
										<td>Feb 29, 2024 10:28:07 pm</td>
										<td class='linked' test-id='127'>Login1 openMrs1</td>
										<td><span class='test-status Pass'>Pass</span></td>
									</tr>
								</tbody>
							</table>
						</div>
					</div>
				</li>
			</ul>
		</div>
	</div>
	<div class='subview-right left'>
		<div class='view-summary'>
			<h5 class='category-name'></h5>
		</div>
	</div>
</div>
<!-- category view --><div id='exception-view' class='view hide'>
	<section id='controls'>
		<div class='controls grey lighten-4'>
			<!-- search -->
			<div class='chip transparent' alt='Search Tests' title='Search Tests'>
				<a href="#" class='search-div'>
				<i class='material-icons'>search</i> Search
				</a>
				<div class='input-field left hide'>
					<input id='search-tests' type='text' class='validate browser-default' placeholder='Search Tests...'>
				</div>
			</div>
			<!-- search -->
		</div>
	</section>
	<div class='subview-left left'>
		<div class='view-summary'>
			<ul id='exception-collection' class='exception-collection'>
				<li class='exception displayed active'>
					<div class='exception-heading'>
						<span class='exception-name'>org.openqa.selenium.ElementNotInteractableException</span>
						<span class='exception-count right'><span class='label red lighten-1 white-text'>6</span></span>
					</div>
					<div class='exception-content hide'>
						<div class='exception-tests'>
							<table class='bordered table-results'>
								<thead>
									<tr>
										<th>Timestamp</th>
										<th>TestName</th>
										<th>StackTrace</th>
									</tr>
								</thead>
								<tbody>
									<tr>
										<td>Feb 29, 2024 10:20:37 pm</td>
										<td class='linked' test-id='7'>Then i navigated to the Home page</td>
										<td>
											<textarea disabled class="code-block">org.openqa.selenium.ElementNotInteractableException: element not interactable: element has zero size
  (Session info: chrome=122.0.6261.94)
Build info: version: '4.11.0', revision: '040bc5406b'
System info: os.name: 'Windows 11', os.arch: 'amd64', os.version: '10.0', java.version: '17.0.9'
Driver info: org.openqa.selenium.chrome.ChromeDriver
Command: [5b21be949e1efb50181679ad29ddee60, clickElement {id=f.EF900A44F6D03C65C549A6780139E3CB.d.6B2DE687C915CA0A9C1486092FAA1435.e.70}]
Capabilities {acceptInsecureCerts: false, browserName: chrome, browserVersion: 122.0.6261.94, chrome: {chromedriverVersion: 122.0.6261.94 (880dbf29479c..., userDataDir: C:\Users\rubin\AppData\Loca...}, fedcm:accounts: true, goog:chromeOptions: {debuggerAddress: localhost:59109}, networkConnectionEnabled: false, pageLoadStrategy: normal, platformName: windows, proxy: Proxy(), se:cdp: ws://localhost:59109/devtoo..., se:cdpVersion: 122.0.6261.94, setWindowRect: true, strictFileInteractability: false, timeouts: {implicit: 0, pageLoad: 300000, script: 30000}, unhandledPromptBehavior: dismiss and notify, webauthn:extension:credBlob: true, webauthn:extension:largeBlob: true, webauthn:extension:minPinLength: true, webauthn:extension:prf: true, webauthn:virtualAuthenticators: true}
Element: [[ChromeDriver: chrome on windows (5b21be949e1efb50181679ad29ddee60)] -> xpath: //*[@id="calendar"]/div/div/table/tbody/tr[1]/td[5]/div/div[2]/div]
Session ID: 5b21be949e1efb50181679ad29ddee60
	at java.base/jdk.internal.reflect.NativeConstructorAccessorImpl.newInstance0(Native Method)
	at java.base/jdk.internal.reflect.NativeConstructorAccessorImpl.newInstance(NativeConstructorAccessorImpl.java:77)
	at java.base/jdk.internal.reflect.DelegatingConstructorAccessorImpl.newInstance(DelegatingConstructorAccessorImpl.java:45)
	at java.base/java.lang.reflect.Constructor.newInstanceWithCaller(Constructor.java:499)
	at java.base/java.lang.reflect.Constructor.newInstance(Constructor.java:480)
	at org.openqa.selenium.remote.codec.w3c.W3CHttpResponseCodec.createException(W3CHttpResponseCodec.java:200)
	at org.openqa.selenium.remote.codec.w3c.W3CHttpResponseCodec.decode(W3CHttpResponseCodec.java:133)
	at org.openqa.selenium.remote.codec.w3c.W3CHttpResponseCodec.decode(W3CHttpResponseCodec.java:52)
	at org.openqa.selenium.remote.HttpCommandExecutor.execute(HttpCommandExecutor.java:191)
	at org.openqa.selenium.remote.service.DriverCommandExecutor.invokeExecute(DriverCommandExecutor.java:196)
	at org.openqa.selenium.remote.service.DriverCommandExecutor.execute(DriverCommandExecutor.java:171)
	at org.openqa.selenium.remote.RemoteWebDriver.execute(RemoteWebDriver.java:518)
	at org.openqa.selenium.remote.RemoteWebElement.execute(RemoteWebElement.java:224)
	at org.openqa.selenium.remote.RemoteWebElement.click(RemoteWebElement.java:77)
	at java.base/jdk.internal.reflect.NativeMethodAccessorImpl.invoke0(Native Method)
	at java.base/jdk.internal.reflect.NativeMethodAccessorImpl.invoke(NativeMethodAccessorImpl.java:77)
	at java.base/jdk.internal.reflect.DelegatingMethodAccessorImpl.invoke(DelegatingMethodAccessorImpl.java:43)
	at java.base/java.lang.reflect.Method.invoke(Method.java:568)
	at org.openqa.selenium.support.pagefactory.internal.LocatingElementHandler.invoke(LocatingElementHandler.java:51)
	at jdk.proxy2/jdk.proxy2.$Proxy50.click(Unknown Source)
	at pages.AppointmentManagingBlocks1.navigateTocalender(AppointmentManagingBlocks1.java:97)
	at stepdefinitions.ManageAppointmentBlocks.i_navigated_to_the_home_page(ManageAppointmentBlocks.java:101)
	at ✽.i navigated to the Home page(file:///C:/Users/rubin/eclipse-workspace/New%20folder%20(2)/RLL_Group6/src/test/resources/Features/Login1.feature:11)
</textarea>
										</td>
									</tr>
									<tr>
										<td>Feb 29, 2024 10:21:01 pm</td>
										<td class='linked' test-id='14'>Then i navigated to the Home page</td>
										<td>
											<textarea disabled class="code-block">org.openqa.selenium.ElementNotInteractableException: element not interactable: element has zero size
  (Session info: chrome=122.0.6261.94)
Build info: version: '4.11.0', revision: '040bc5406b'
System info: os.name: 'Windows 11', os.arch: 'amd64', os.version: '10.0', java.version: '17.0.9'
Driver info: org.openqa.selenium.chrome.ChromeDriver
Command: [5b21be949e1efb50181679ad29ddee60, clickElement {id=f.EF900A44F6D03C65C549A6780139E3CB.d.6B2DE687C915CA0A9C1486092FAA1435.e.70}]
Capabilities {acceptInsecureCerts: false, browserName: chrome, browserVersion: 122.0.6261.94, chrome: {chromedriverVersion: 122.0.6261.94 (880dbf29479c..., userDataDir: C:\Users\rubin\AppData\Loca...}, fedcm:accounts: true, goog:chromeOptions: {debuggerAddress: localhost:59109}, networkConnectionEnabled: false, pageLoadStrategy: normal, platformName: windows, proxy: Proxy(), se:cdp: ws://localhost:59109/devtoo..., se:cdpVersion: 122.0.6261.94, setWindowRect: true, strictFileInteractability: false, timeouts: {implicit: 0, pageLoad: 300000, script: 30000}, unhandledPromptBehavior: dismiss and notify, webauthn:extension:credBlob: true, webauthn:extension:largeBlob: true, webauthn:extension:minPinLength: true, webauthn:extension:prf: true, webauthn:virtualAuthenticators: true}
Element: [[ChromeDriver: chrome on windows (5b21be949e1efb50181679ad29ddee60)] -> xpath: //*[@id="calendar"]/div/div/table/tbody/tr[1]/td[5]/div/div[2]/div]
Session ID: 5b21be949e1efb50181679ad29ddee60
	at java.base/jdk.internal.reflect.NativeConstructorAccessorImpl.newInstance0(Native Method)
	at java.base/jdk.internal.reflect.NativeConstructorAccessorImpl.newInstance(NativeConstructorAccessorImpl.java:77)
	at java.base/jdk.internal.reflect.DelegatingConstructorAccessorImpl.newInstance(DelegatingConstructorAccessorImpl.java:45)
	at java.base/java.lang.reflect.Constructor.newInstanceWithCaller(Constructor.java:499)
	at java.base/java.lang.reflect.Constructor.newInstance(Constructor.java:480)
	at org.openqa.selenium.remote.codec.w3c.W3CHttpResponseCodec.createException(W3CHttpResponseCodec.java:200)
	at org.openqa.selenium.remote.codec.w3c.W3CHttpResponseCodec.decode(W3CHttpResponseCodec.java:133)
	at org.openqa.selenium.remote.codec.w3c.W3CHttpResponseCodec.decode(W3CHttpResponseCodec.java:52)
	at org.openqa.selenium.remote.HttpCommandExecutor.execute(HttpCommandExecutor.java:191)
	at org.openqa.selenium.remote.service.DriverCommandExecutor.invokeExecute(DriverCommandExecutor.java:196)
	at org.openqa.selenium.remote.service.DriverCommandExecutor.execute(DriverCommandExecutor.java:171)
	at org.openqa.selenium.remote.RemoteWebDriver.execute(RemoteWebDriver.java:518)
	at org.openqa.selenium.remote.RemoteWebElement.execute(RemoteWebElement.java:224)
	at org.openqa.selenium.remote.RemoteWebElement.click(RemoteWebElement.java:77)
	at java.base/jdk.internal.reflect.NativeMethodAccessorImpl.invoke0(Native Method)
	at java.base/jdk.internal.reflect.NativeMethodAccessorImpl.invoke(NativeMethodAccessorImpl.java:77)
	at java.base/jdk.internal.reflect.DelegatingMethodAccessorImpl.invoke(DelegatingMethodAccessorImpl.java:43)
	at java.base/java.lang.reflect.Method.invoke(Method.java:568)
	at org.openqa.selenium.support.pagefactory.internal.LocatingElementHandler.invoke(LocatingElementHandler.java:51)
	at jdk.proxy2/jdk.proxy2.$Proxy50.click(Unknown Source)
	at pages.AppointmentManagingBlocks1.navigateTocalender(AppointmentManagingBlocks1.java:97)
	at stepdefinitions.ManageAppointmentBlocks.i_navigated_to_the_home_page(ManageAppointmentBlocks.java:101)
	at ✽.i navigated to the Home page(file:///C:/Users/rubin/eclipse-workspace/New%20folder%20(2)/RLL_Group6/src/test/resources/Features/Login1.feature:11)
</textarea>
										</td>
									</tr>
									<tr>
										<td>Feb 29, 2024 10:21:25 pm</td>
										<td class='linked' test-id='21'>Then i navigated to the Home page</td>
										<td>
											<textarea disabled class="code-block">org.openqa.selenium.ElementNotInteractableException: element not interactable: element has zero size
  (Session info: chrome=122.0.6261.94)
Build info: version: '4.11.0', revision: '040bc5406b'
System info: os.name: 'Windows 11', os.arch: 'amd64', os.version: '10.0', java.version: '17.0.9'
Driver info: org.openqa.selenium.chrome.ChromeDriver
Command: [5b21be949e1efb50181679ad29ddee60, clickElement {id=f.EF900A44F6D03C65C549A6780139E3CB.d.6B2DE687C915CA0A9C1486092FAA1435.e.70}]
Capabilities {acceptInsecureCerts: false, browserName: chrome, browserVersion: 122.0.6261.94, chrome: {chromedriverVersion: 122.0.6261.94 (880dbf29479c..., userDataDir: C:\Users\rubin\AppData\Loca...}, fedcm:accounts: true, goog:chromeOptions: {debuggerAddress: localhost:59109}, networkConnectionEnabled: false, pageLoadStrategy: normal, platformName: windows, proxy: Proxy(), se:cdp: ws://localhost:59109/devtoo..., se:cdpVersion: 122.0.6261.94, setWindowRect: true, strictFileInteractability: false, timeouts: {implicit: 0, pageLoad: 300000, script: 30000}, unhandledPromptBehavior: dismiss and notify, webauthn:extension:credBlob: true, webauthn:extension:largeBlob: true, webauthn:extension:minPinLength: true, webauthn:extension:prf: true, webauthn:virtualAuthenticators: true}
Element: [[ChromeDriver: chrome on windows (5b21be949e1efb50181679ad29ddee60)] -> xpath: //*[@id="calendar"]/div/div/table/tbody/tr[1]/td[5]/div/div[2]/div]
Session ID: 5b21be949e1efb50181679ad29ddee60
	at java.base/jdk.internal.reflect.NativeConstructorAccessorImpl.newInstance0(Native Method)
	at java.base/jdk.internal.reflect.NativeConstructorAccessorImpl.newInstance(NativeConstructorAccessorImpl.java:77)
	at java.base/jdk.internal.reflect.DelegatingConstructorAccessorImpl.newInstance(DelegatingConstructorAccessorImpl.java:45)
	at java.base/java.lang.reflect.Constructor.newInstanceWithCaller(Constructor.java:499)
	at java.base/java.lang.reflect.Constructor.newInstance(Constructor.java:480)
	at org.openqa.selenium.remote.codec.w3c.W3CHttpResponseCodec.createException(W3CHttpResponseCodec.java:200)
	at org.openqa.selenium.remote.codec.w3c.W3CHttpResponseCodec.decode(W3CHttpResponseCodec.java:133)
	at org.openqa.selenium.remote.codec.w3c.W3CHttpResponseCodec.decode(W3CHttpResponseCodec.java:52)
	at org.openqa.selenium.remote.HttpCommandExecutor.execute(HttpCommandExecutor.java:191)
	at org.openqa.selenium.remote.service.DriverCommandExecutor.invokeExecute(DriverCommandExecutor.java:196)
	at org.openqa.selenium.remote.service.DriverCommandExecutor.execute(DriverCommandExecutor.java:171)
	at org.openqa.selenium.remote.RemoteWebDriver.execute(RemoteWebDriver.java:518)
	at org.openqa.selenium.remote.RemoteWebElement.execute(RemoteWebElement.java:224)
	at org.openqa.selenium.remote.RemoteWebElement.click(RemoteWebElement.java:77)
	at java.base/jdk.internal.reflect.NativeMethodAccessorImpl.invoke0(Native Method)
	at java.base/jdk.internal.reflect.NativeMethodAccessorImpl.invoke(NativeMethodAccessorImpl.java:77)
	at java.base/jdk.internal.reflect.DelegatingMethodAccessorImpl.invoke(DelegatingMethodAccessorImpl.java:43)
	at java.base/java.lang.reflect.Method.invoke(Method.java:568)
	at org.openqa.selenium.support.pagefactory.internal.LocatingElementHandler.invoke(LocatingElementHandler.java:51)
	at jdk.proxy2/jdk.proxy2.$Proxy50.click(Unknown Source)
	at pages.AppointmentManagingBlocks1.navigateTocalender(AppointmentManagingBlocks1.java:97)
	at stepdefinitions.ManageAppointmentBlocks.i_navigated_to_the_home_page(ManageAppointmentBlocks.java:101)
	at ✽.i navigated to the Home page(file:///C:/Users/rubin/eclipse-workspace/New%20folder%20(2)/RLL_Group6/src/test/resources/Features/Login1.feature:11)
</textarea>
										</td>
									</tr>
									<tr>
										<td>Feb 29, 2024 10:26:44 pm</td>
										<td class='linked' test-id='108'>Then I open the find patient records page</td>
										<td>
											<textarea disabled class="code-block">org.openqa.selenium.ElementNotInteractableException: element not interactable: element has zero size
  (Session info: chrome=122.0.6261.94)
Build info: version: '4.11.0', revision: '040bc5406b'
System info: os.name: 'Windows 11', os.arch: 'amd64', os.version: '10.0', java.version: '17.0.9'
Driver info: org.openqa.selenium.chrome.ChromeDriver
Command: [5b21be949e1efb50181679ad29ddee60, clickElement {id=f.EF900A44F6D03C65C549A6780139E3CB.d.6B2DE687C915CA0A9C1486092FAA1435.e.70}]
Capabilities {acceptInsecureCerts: false, browserName: chrome, browserVersion: 122.0.6261.94, chrome: {chromedriverVersion: 122.0.6261.94 (880dbf29479c..., userDataDir: C:\Users\rubin\AppData\Loca...}, fedcm:accounts: true, goog:chromeOptions: {debuggerAddress: localhost:59109}, networkConnectionEnabled: false, pageLoadStrategy: normal, platformName: windows, proxy: Proxy(), se:cdp: ws://localhost:59109/devtoo..., se:cdpVersion: 122.0.6261.94, setWindowRect: true, strictFileInteractability: false, timeouts: {implicit: 0, pageLoad: 300000, script: 30000}, unhandledPromptBehavior: dismiss and notify, webauthn:extension:credBlob: true, webauthn:extension:largeBlob: true, webauthn:extension:minPinLength: true, webauthn:extension:prf: true, webauthn:virtualAuthenticators: true}
Element: [[ChromeDriver: chrome on windows (5b21be949e1efb50181679ad29ddee60)] -> xpath: //*[@id="calendar"]/div/div/table/tbody/tr[1]/td[5]/div/div[2]/div]
Session ID: 5b21be949e1efb50181679ad29ddee60
	at java.base/jdk.internal.reflect.NativeConstructorAccessorImpl.newInstance0(Native Method)
	at java.base/jdk.internal.reflect.NativeConstructorAccessorImpl.newInstance(NativeConstructorAccessorImpl.java:77)
	at java.base/jdk.internal.reflect.DelegatingConstructorAccessorImpl.newInstance(DelegatingConstructorAccessorImpl.java:45)
	at java.base/java.lang.reflect.Constructor.newInstanceWithCaller(Constructor.java:499)
	at java.base/java.lang.reflect.Constructor.newInstance(Constructor.java:480)
	at org.openqa.selenium.remote.codec.w3c.W3CHttpResponseCodec.createException(W3CHttpResponseCodec.java:200)
	at org.openqa.selenium.remote.codec.w3c.W3CHttpResponseCodec.decode(W3CHttpResponseCodec.java:133)
	at org.openqa.selenium.remote.codec.w3c.W3CHttpResponseCodec.decode(W3CHttpResponseCodec.java:52)
	at org.openqa.selenium.remote.HttpCommandExecutor.execute(HttpCommandExecutor.java:191)
	at org.openqa.selenium.remote.service.DriverCommandExecutor.invokeExecute(DriverCommandExecutor.java:196)
	at org.openqa.selenium.remote.service.DriverCommandExecutor.execute(DriverCommandExecutor.java:171)
	at org.openqa.selenium.remote.RemoteWebDriver.execute(RemoteWebDriver.java:518)
	at org.openqa.selenium.remote.RemoteWebElement.execute(RemoteWebElement.java:224)
	at org.openqa.selenium.remote.RemoteWebElement.click(RemoteWebElement.java:77)
	at java.base/jdk.internal.reflect.NativeMethodAccessorImpl.invoke0(Native Method)
	at java.base/jdk.internal.reflect.NativeMethodAccessorImpl.invoke(NativeMethodAccessorImpl.java:77)
	at java.base/jdk.internal.reflect.DelegatingMethodAccessorImpl.invoke(DelegatingMethodAccessorImpl.java:43)
	at java.base/java.lang.reflect.Method.invoke(Method.java:568)
	at org.openqa.selenium.support.pagefactory.internal.LocatingElementHandler.invoke(LocatingElementHandler.java:51)
	at jdk.proxy2/jdk.proxy2.$Proxy50.click(Unknown Source)
	at pages.AppointmentManagingBlocks1.navigateTocalender(AppointmentManagingBlocks1.java:97)
	at stepdefinitions.ManageAppointmentBlocks.i_navigated_to_the_home_page(ManageAppointmentBlocks.java:101)
	at ✽.i navigated to the Home page(file:///C:/Users/rubin/eclipse-workspace/New%20folder%20(2)/RLL_Group6/src/test/resources/Features/Login1.feature:11)
</textarea>
										</td>
									</tr>
									<tr>
										<td>Feb 29, 2024 10:27:15 pm</td>
										<td class='linked' test-id='116'>Then I open the find patient records page</td>
										<td>
											<textarea disabled class="code-block">org.openqa.selenium.ElementNotInteractableException: element not interactable: element has zero size
  (Session info: chrome=122.0.6261.94)
Build info: version: '4.11.0', revision: '040bc5406b'
System info: os.name: 'Windows 11', os.arch: 'amd64', os.version: '10.0', java.version: '17.0.9'
Driver info: org.openqa.selenium.chrome.ChromeDriver
Command: [5b21be949e1efb50181679ad29ddee60, clickElement {id=f.EF900A44F6D03C65C549A6780139E3CB.d.6B2DE687C915CA0A9C1486092FAA1435.e.70}]
Capabilities {acceptInsecureCerts: false, browserName: chrome, browserVersion: 122.0.6261.94, chrome: {chromedriverVersion: 122.0.6261.94 (880dbf29479c..., userDataDir: C:\Users\rubin\AppData\Loca...}, fedcm:accounts: true, goog:chromeOptions: {debuggerAddress: localhost:59109}, networkConnectionEnabled: false, pageLoadStrategy: normal, platformName: windows, proxy: Proxy(), se:cdp: ws://localhost:59109/devtoo..., se:cdpVersion: 122.0.6261.94, setWindowRect: true, strictFileInteractability: false, timeouts: {implicit: 0, pageLoad: 300000, script: 30000}, unhandledPromptBehavior: dismiss and notify, webauthn:extension:credBlob: true, webauthn:extension:largeBlob: true, webauthn:extension:minPinLength: true, webauthn:extension:prf: true, webauthn:virtualAuthenticators: true}
Element: [[ChromeDriver: chrome on windows (5b21be949e1efb50181679ad29ddee60)] -> xpath: //*[@id="calendar"]/div/div/table/tbody/tr[1]/td[5]/div/div[2]/div]
Session ID: 5b21be949e1efb50181679ad29ddee60
	at java.base/jdk.internal.reflect.NativeConstructorAccessorImpl.newInstance0(Native Method)
	at java.base/jdk.internal.reflect.NativeConstructorAccessorImpl.newInstance(NativeConstructorAccessorImpl.java:77)
	at java.base/jdk.internal.reflect.DelegatingConstructorAccessorImpl.newInstance(DelegatingConstructorAccessorImpl.java:45)
	at java.base/java.lang.reflect.Constructor.newInstanceWithCaller(Constructor.java:499)
	at java.base/java.lang.reflect.Constructor.newInstance(Constructor.java:480)
	at org.openqa.selenium.remote.codec.w3c.W3CHttpResponseCodec.createException(W3CHttpResponseCodec.java:200)
	at org.openqa.selenium.remote.codec.w3c.W3CHttpResponseCodec.decode(W3CHttpResponseCodec.java:133)
	at org.openqa.selenium.remote.codec.w3c.W3CHttpResponseCodec.decode(W3CHttpResponseCodec.java:52)
	at org.openqa.selenium.remote.HttpCommandExecutor.execute(HttpCommandExecutor.java:191)
	at org.openqa.selenium.remote.service.DriverCommandExecutor.invokeExecute(DriverCommandExecutor.java:196)
	at org.openqa.selenium.remote.service.DriverCommandExecutor.execute(DriverCommandExecutor.java:171)
	at org.openqa.selenium.remote.RemoteWebDriver.execute(RemoteWebDriver.java:518)
	at org.openqa.selenium.remote.RemoteWebElement.execute(RemoteWebElement.java:224)
	at org.openqa.selenium.remote.RemoteWebElement.click(RemoteWebElement.java:77)
	at java.base/jdk.internal.reflect.NativeMethodAccessorImpl.invoke0(Native Method)
	at java.base/jdk.internal.reflect.NativeMethodAccessorImpl.invoke(NativeMethodAccessorImpl.java:77)
	at java.base/jdk.internal.reflect.DelegatingMethodAccessorImpl.invoke(DelegatingMethodAccessorImpl.java:43)
	at java.base/java.lang.reflect.Method.invoke(Method.java:568)
	at org.openqa.selenium.support.pagefactory.internal.LocatingElementHandler.invoke(LocatingElementHandler.java:51)
	at jdk.proxy2/jdk.proxy2.$Proxy50.click(Unknown Source)
	at pages.AppointmentManagingBlocks1.navigateTocalender(AppointmentManagingBlocks1.java:97)
	at stepdefinitions.ManageAppointmentBlocks.i_navigated_to_the_home_page(ManageAppointmentBlocks.java:101)
	at ✽.i navigated to the Home page(file:///C:/Users/rubin/eclipse-workspace/New%20folder%20(2)/RLL_Group6/src/test/resources/Features/Login1.feature:11)
</textarea>
										</td>
									</tr>
									<tr>
										<td>Feb 29, 2024 10:27:48 pm</td>
										<td class='linked' test-id='124'>Then I open the find patient records page</td>
										<td>
											<textarea disabled class="code-block">org.openqa.selenium.ElementNotInteractableException: element not interactable: element has zero size
  (Session info: chrome=122.0.6261.94)
Build info: version: '4.11.0', revision: '040bc5406b'
System info: os.name: 'Windows 11', os.arch: 'amd64', os.version: '10.0', java.version: '17.0.9'
Driver info: org.openqa.selenium.chrome.ChromeDriver
Command: [5b21be949e1efb50181679ad29ddee60, clickElement {id=f.EF900A44F6D03C65C549A6780139E3CB.d.6B2DE687C915CA0A9C1486092FAA1435.e.70}]
Capabilities {acceptInsecureCerts: false, browserName: chrome, browserVersion: 122.0.6261.94, chrome: {chromedriverVersion: 122.0.6261.94 (880dbf29479c..., userDataDir: C:\Users\rubin\AppData\Loca...}, fedcm:accounts: true, goog:chromeOptions: {debuggerAddress: localhost:59109}, networkConnectionEnabled: false, pageLoadStrategy: normal, platformName: windows, proxy: Proxy(), se:cdp: ws://localhost:59109/devtoo..., se:cdpVersion: 122.0.6261.94, setWindowRect: true, strictFileInteractability: false, timeouts: {implicit: 0, pageLoad: 300000, script: 30000}, unhandledPromptBehavior: dismiss and notify, webauthn:extension:credBlob: true, webauthn:extension:largeBlob: true, webauthn:extension:minPinLength: true, webauthn:extension:prf: true, webauthn:virtualAuthenticators: true}
Element: [[ChromeDriver: chrome on windows (5b21be949e1efb50181679ad29ddee60)] -> xpath: //*[@id="calendar"]/div/div/table/tbody/tr[1]/td[5]/div/div[2]/div]
Session ID: 5b21be949e1efb50181679ad29ddee60
	at java.base/jdk.internal.reflect.NativeConstructorAccessorImpl.newInstance0(Native Method)
	at java.base/jdk.internal.reflect.NativeConstructorAccessorImpl.newInstance(NativeConstructorAccessorImpl.java:77)
	at java.base/jdk.internal.reflect.DelegatingConstructorAccessorImpl.newInstance(DelegatingConstructorAccessorImpl.java:45)
	at java.base/java.lang.reflect.Constructor.newInstanceWithCaller(Constructor.java:499)
	at java.base/java.lang.reflect.Constructor.newInstance(Constructor.java:480)
	at org.openqa.selenium.remote.codec.w3c.W3CHttpResponseCodec.createException(W3CHttpResponseCodec.java:200)
	at org.openqa.selenium.remote.codec.w3c.W3CHttpResponseCodec.decode(W3CHttpResponseCodec.java:133)
	at org.openqa.selenium.remote.codec.w3c.W3CHttpResponseCodec.decode(W3CHttpResponseCodec.java:52)
	at org.openqa.selenium.remote.HttpCommandExecutor.execute(HttpCommandExecutor.java:191)
	at org.openqa.selenium.remote.service.DriverCommandExecutor.invokeExecute(DriverCommandExecutor.java:196)
	at org.openqa.selenium.remote.service.DriverCommandExecutor.execute(DriverCommandExecutor.java:171)
	at org.openqa.selenium.remote.RemoteWebDriver.execute(RemoteWebDriver.java:518)
	at org.openqa.selenium.remote.RemoteWebElement.execute(RemoteWebElement.java:224)
	at org.openqa.selenium.remote.RemoteWebElement.click(RemoteWebElement.java:77)
	at java.base/jdk.internal.reflect.NativeMethodAccessorImpl.invoke0(Native Method)
	at java.base/jdk.internal.reflect.NativeMethodAccessorImpl.invoke(NativeMethodAccessorImpl.java:77)
	at java.base/jdk.internal.reflect.DelegatingMethodAccessorImpl.invoke(DelegatingMethodAccessorImpl.java:43)
	at java.base/java.lang.reflect.Method.invoke(Method.java:568)
	at org.openqa.selenium.support.pagefactory.internal.LocatingElementHandler.invoke(LocatingElementHandler.java:51)
	at jdk.proxy2/jdk.proxy2.$Proxy50.click(Unknown Source)
	at pages.AppointmentManagingBlocks1.navigateTocalender(AppointmentManagingBlocks1.java:97)
	at stepdefinitions.ManageAppointmentBlocks.i_navigated_to_the_home_page(ManageAppointmentBlocks.java:101)
	at ✽.i navigated to the Home page(file:///C:/Users/rubin/eclipse-workspace/New%20folder%20(2)/RLL_Group6/src/test/resources/Features/Login1.feature:11)
</textarea>
										</td>
									</tr>
								</tbody>
							</table>
						</div>
					</div>
				</li>
				<li class='exception displayed active'>
					<div class='exception-heading'>
						<span class='exception-name'>java.lang.AssertionError</span>
						<span class='exception-count right'><span class='label red lighten-1 white-text'>6</span></span>
					</div>
					<div class='exception-content hide'>
						<div class='exception-tests'>
							<table class='bordered table-results'>
								<thead>
									<tr>
										<th>Timestamp</th>
										<th>TestName</th>
										<th>StackTrace</th>
									</tr>
								</thead>
								<tbody>
									<tr>
										<td>Feb 29, 2024 10:22:04 pm</td>
										<td class='linked' test-id='37'>Then admin navigate to homepage</td>
										<td>
											<textarea disabled class="code-block">java.lang.AssertionError: null
	at org.testng.Assert.fail(Assert.java:110)
	at org.testng.Assert.fail(Assert.java:115)
	at stepdefinitions.ManageStepdefinition.admin_navigate_to_homepage(ManageStepdefinition.java:100)
	at ✽.admin navigate to homepage(file:///C:/Users/rubin/eclipse-workspace/New%20folder%20(2)/RLL_Group6/src/test/resources/Features/Manage.feature:11)
</textarea>
										</td>
									</tr>
									<tr>
										<td>Feb 29, 2024 10:22:39 pm</td>
										<td class='linked' test-id='44'>Then admin navigate to homepage</td>
										<td>
											<textarea disabled class="code-block">java.lang.AssertionError: null
	at org.testng.Assert.fail(Assert.java:110)
	at org.testng.Assert.fail(Assert.java:115)
	at stepdefinitions.ManageStepdefinition.admin_navigate_to_homepage(ManageStepdefinition.java:100)
	at ✽.admin navigate to homepage(file:///C:/Users/rubin/eclipse-workspace/New%20folder%20(2)/RLL_Group6/src/test/resources/Features/Manage.feature:11)
</textarea>
										</td>
									</tr>
									<tr>
										<td>Feb 29, 2024 10:23:12 pm</td>
										<td class='linked' test-id='51'>Then admin navigate to homepage</td>
										<td>
											<textarea disabled class="code-block">java.lang.AssertionError: null
	at org.testng.Assert.fail(Assert.java:110)
	at org.testng.Assert.fail(Assert.java:115)
	at stepdefinitions.ManageStepdefinition.admin_navigate_to_homepage(ManageStepdefinition.java:100)
	at ✽.admin navigate to homepage(file:///C:/Users/rubin/eclipse-workspace/New%20folder%20(2)/RLL_Group6/src/test/resources/Features/Manage.feature:11)
</textarea>
										</td>
									</tr>
									<tr>
										<td>Feb 29, 2024 10:24:57 pm</td>
										<td class='linked' test-id='74'>When I click on login</td>
										<td>
											<textarea disabled class="code-block">java.lang.AssertionError: null
	at org.testng.Assert.fail(Assert.java:110)
	at org.testng.Assert.fail(Assert.java:115)
	at stepdefinitions.ManageStepdefinition.admin_navigate_to_homepage(ManageStepdefinition.java:100)
	at ✽.admin navigate to homepage(file:///C:/Users/rubin/eclipse-workspace/New%20folder%20(2)/RLL_Group6/src/test/resources/Features/Manage.feature:11)
</textarea>
										</td>
									</tr>
									<tr>
										<td>Feb 29, 2024 10:25:19 pm</td>
										<td class='linked' test-id='82'>When I click on login</td>
										<td>
											<textarea disabled class="code-block">java.lang.AssertionError: null
	at org.testng.Assert.fail(Assert.java:110)
	at org.testng.Assert.fail(Assert.java:115)
	at stepdefinitions.ManageStepdefinition.admin_navigate_to_homepage(ManageStepdefinition.java:100)
	at ✽.admin navigate to homepage(file:///C:/Users/rubin/eclipse-workspace/New%20folder%20(2)/RLL_Group6/src/test/resources/Features/Manage.feature:11)
</textarea>
										</td>
									</tr>
									<tr>
										<td>Feb 29, 2024 10:25:41 pm</td>
										<td class='linked' test-id='90'>When I click on login</td>
										<td>
											<textarea disabled class="code-block">java.lang.AssertionError: null
	at org.testng.Assert.fail(Assert.java:110)
	at org.testng.Assert.fail(Assert.java:115)
	at stepdefinitions.ManageStepdefinition.admin_navigate_to_homepage(ManageStepdefinition.java:100)
	at ✽.admin navigate to homepage(file:///C:/Users/rubin/eclipse-workspace/New%20folder%20(2)/RLL_Group6/src/test/resources/Features/Manage.feature:11)
</textarea>
										</td>
									</tr>
								</tbody>
							</table>
						</div>
					</div>
				</li>
			</ul>
		</div>
	</div>
	<div class='subview-right left'>
		<div class='view-summary'>
			<h5 class='exception-name'></h5>
		</div>
	</div>
</div>
<!-- exception view --><div id='dashboard-view' class='view hide'>
	<div class='card-panel transparent np-v'>
		<h5>Dashboard</h5>

		<div class='row'>
			<div class='col s2'>
				<div class='card-panel r'>
					Features
					<div class='panel-lead'>8</div>
				</div>
			</div>
			<div class='col s2'>
				<div class='card-panel r'>
					Scenarios
					<div class='panel-lead'>17</div>
				</div>
			</div>
			<div class='col s2'>
				<div class='card-panel r'>
					Steps
					<div class='panel-lead'>91</div>
				</div>
			</div>
			<div class='col s2'>
				<div class='card-panel r'>
					Start
					<div class='panel-lead'>Feb 29, 2024 10:20:15 pm</div>
				</div>
			</div>
			<div class='col s2'>
				<div class='card-panel r'>
			 		End
			 		<div class='panel-lead'>Feb 29, 2024 10:28:46 pm</div>
				</div>
			</div>
			<div class='col s2'>
				<div class='card-panel r'>
					Time Taken
					<div class='panel-lead'>00 08 30.805</div>
				</div>
			</div>
			<div class='col s4'>
				<div class='card-panel dashboard-environment'>
					<span class='right label cyan white-text'>Environment</span><p>&nbsp;</p>
					
					<table>
						<tr>
							<th>Name</th>
							<th>Value</th>
						</tr>
							<tr>
								<td>version</td>
								<td>11</td>
							</tr>
							<tr>
								<td>os</td>
								<td>windows</td>
							</tr>
					</table>
				</div>
			</div>
			<div class='col s6'>
				<div class='card-panel dashboard-categories'>
					<span class='right label cyan white-text'>Categories</span><p>&nbsp;</p>
					
					<table>
						<tr>
							<th>Name</th>
							<th>Passed</th>
							<th>Failed</th>
							<th>Skipped</th>
							<th>Passed %</th>
						</tr>
						<tr>
							<td>@tag1</td>
							<td>2</td>
							<td>12</td>
							<td>0</td>
							<td>
									14.286%
							</td>
						</tr>
						<tr>
							<td>@tag</td>
							<td>5</td>
							<td>12</td>
							<td>0</td>
							<td>
									29.412%
							</td>
						</tr>
					</table>
				</div>
			</div>
		</div>
	</div>
</div>
<!-- dashboard view -->
		</div>
		<!-- container -->
		<script>
			var statusGroup = {
                parentCount: 8,
				passParent: 4,
				failParent: 4,
				fatalParent: 0,
				errorParent: 0,
				warningParent: 0,
				skipParent: 0,
				childCount: 17,
				passChild: 5,
				failChild: 12,
				fatalChild: 0,
				errorChild: 0,
				warningChild: 0,
				skipChild: 0,
				infoChild: 0,
				grandChildCount: 91,
				passGrandChild: 76,
				failGrandChild: 12,
				fatalGrandChild: 0,
				errorGrandChild: 0,
				warningGrandChild: 0,
				skipGrandChild: 3,
				infoGrandChild: 0,
			};
			</script>
		
		<script>
			var timeline = {
			        "OpenMRS login file":80.068,"Login functionality test":12.042,"OpenMRS Manage":141.842,"OpenMRS Login file":32.12,"openmrs healthcare":65.669,"Registration":43.411,"find patient records of the page":93.37,"OpenMrs1 login1":39.26
			};
		</script>
		
		  <script src='http://cdn.jsdelivr.net/gh/extent-framework/extent-github-cdn@ff53917fbbdb5ef820abbbe4d199a6942dc771ff/v3html/js/extent.js' type='text/javascript'></script>
		
		
		<script type='text/javascript'>
				
		</script> 

	</body>
</html>